# column   1     --> step : The current simulation time step.
# column   2     --> time{picosecond} : The elapsed simulation time.
# column   3     --> potential{electronvolt} : The physical system potential energy.
# column   4     --> conserved : The value of the conserved energy quantity per bead.
# column   5     --> temperature{kelvin} : The current temperature, as obtained from the MD kinetic energy.
# column   6     --> ensemble_temperature{kelvin} : The target temperature for the current ensemble
    0.00000000e+00     0.00000000e+00    -7.63034291e+03    -2.80406777e+02     2.41115507e+01     3.00000000e+02   
    1.00000000e+01     5.00000000e-03    -7.63652175e+03    -2.80407855e+02     1.13350653e+03     3.00000000e+02   
    2.00000000e+01     1.00000000e-02    -7.63552382e+03    -2.80407837e+02     8.62690687e+02     3.00000000e+02   
    3.00000000e+01     1.50000000e-02    -7.63476090e+03    -2.80408079e+02     6.25663579e+02     3.00000000e+02   
    4.00000000e+01     2.00000000e-02    -7.63379493e+03    -2.80408179e+02     3.78321921e+02     3.00000000e+02   
    5.00000000e+01     2.50000000e-02    -7.63500875e+03    -2.80408493e+02     6.19905351e+02     3.00000000e+02   
    6.00000000e+01     3.00000000e-02    -7.63553947e+03    -2.80408490e+02     7.35627085e+02     3.00000000e+02   
    7.00000000e+01     3.50000000e-02    -7.63666900e+03    -2.80408598e+02     9.49459024e+02     3.00000000e+02   
    8.00000000e+01     4.00000000e-02    -7.63548975e+03    -2.80408445e+02     6.75959577e+02     3.00000000e+02   
    9.00000000e+01     4.50000000e-02    -7.63675148e+03    -2.80408518e+02     9.19286600e+02     3.00000000e+02   
    1.00000000e+02     5.00000000e-02    -7.63714030e+03    -2.80408462e+02     9.12584156e+02     3.00000000e+02   
    1.10000000e+02     5.50000000e-02    -7.63550128e+03    -2.80408224e+02     5.42878106e+02     3.00000000e+02   
    1.20000000e+02     6.00000000e-02    -7.63558354e+03    -2.80408200e+02     5.30355594e+02     3.00000000e+02   
    1.30000000e+02     6.50000000e-02    -7.63600706e+03    -2.80408066e+02     6.13253726e+02     3.00000000e+02   
    1.40000000e+02     7.00000000e-02    -7.63705358e+03    -2.80408162e+02     7.51144482e+02     3.00000000e+02   
    1.50000000e+02     7.50000000e-02    -7.63594634e+03    -2.80408060e+02     5.03610245e+02     3.00000000e+02   
    1.60000000e+02     8.00000000e-02    -7.63608511e+03    -2.80408024e+02     5.23157389e+02     3.00000000e+02   
    1.70000000e+02     8.50000000e-02    -7.63686920e+03    -2.80408203e+02     6.61880399e+02     3.00000000e+02   
    1.80000000e+02     9.00000000e-02    -7.63635433e+03    -2.80408214e+02     4.96924155e+02     3.00000000e+02   
    1.90000000e+02     9.50000000e-02    -7.63638088e+03    -2.80408380e+02     4.69323628e+02     3.00000000e+02   
    2.00000000e+02     1.00000000e-01    -7.63656554e+03    -2.80408399e+02     4.65793315e+02     3.00000000e+02   
    2.10000000e+02     1.05000000e-01    -7.63740127e+03    -2.80408471e+02     6.08318432e+02     3.00000000e+02   
    2.20000000e+02     1.10000000e-01    -7.63692132e+03    -2.80408403e+02     4.75915529e+02     3.00000000e+02   
    2.30000000e+02     1.15000000e-01    -7.63696630e+03    -2.80408414e+02     4.75900159e+02     3.00000000e+02   
    2.40000000e+02     1.20000000e-01    -7.63759830e+03    -2.80408460e+02     5.85237855e+02     3.00000000e+02   
    2.50000000e+02     1.25000000e-01    -7.63704971e+03    -2.80408479e+02     4.41301421e+02     3.00000000e+02   
    2.60000000e+02     1.30000000e-01    -7.63658216e+03    -2.80408491e+02     3.59087064e+02     3.00000000e+02   
    2.70000000e+02     1.35000000e-01    -7.63706534e+03    -2.80408537e+02     4.29897849e+02     3.00000000e+02   
    2.80000000e+02     1.40000000e-01    -7.63787541e+03    -2.80408591e+02     5.72414533e+02     3.00000000e+02   
    2.90000000e+02     1.45000000e-01    -7.63698540e+03    -2.80408480e+02     3.86545389e+02     3.00000000e+02   
    3.00000000e+02     1.50000000e-01    -7.63691008e+03    -2.80408416e+02     3.81910074e+02     3.00000000e+02   
    3.10000000e+02     1.55000000e-01    -7.63778540e+03    -2.80408490e+02     5.15287124e+02     3.00000000e+02   
    3.20000000e+02     1.60000000e-01    -7.63695779e+03    -2.80408341e+02     3.43205915e+02     3.00000000e+02   
    3.30000000e+02     1.65000000e-01    -7.63720067e+03    -2.80408394e+02     4.01581517e+02     3.00000000e+02   
    3.40000000e+02     1.70000000e-01    -7.63701975e+03    -2.80408393e+02     3.52275108e+02     3.00000000e+02   
