frames loaded and prepared
considering chemical species 1
loaded shielding model
split frames into 190 batches
features evaluated
models evaluated
predicted for batch 1
predictions stored for batch 1
features evaluated
models evaluated
predicted for batch 2
predictions stored for batch 2
features evaluated
models evaluated
predicted for batch 3
predictions stored for batch 3
features evaluated
models evaluated
predicted for batch 4
predictions stored for batch 4
features evaluated
models evaluated
predicted for batch 5
predictions stored for batch 5
features evaluated
models evaluated
predicted for batch 6
predictions stored for batch 6
features evaluated
models evaluated
predicted for batch 7
predictions stored for batch 7
features evaluated
models evaluated
predicted for batch 8
predictions stored for batch 8
features evaluated
models evaluated
predicted for batch 9
predictions stored for batch 9
features evaluated
models evaluated
predicted for batch 10
predictions stored for batch 10
features evaluated
models evaluated
predicted for batch 11
predictions stored for batch 11
features evaluated
models evaluated
predicted for batch 12
predictions stored for batch 12
features evaluated
models evaluated
predicted for batch 13
predictions stored for batch 13
features evaluated
models evaluated
predicted for batch 14
predictions stored for batch 14
features evaluated
models evaluated
predicted for batch 15
predictions stored for batch 15
features evaluated
models evaluated
predicted for batch 16
predictions stored for batch 16
features evaluated
models evaluated
predicted for batch 17
predictions stored for batch 17
features evaluated
models evaluated
predicted for batch 18
predictions stored for batch 18
features evaluated
models evaluated
predicted for batch 19
predictions stored for batch 19
features evaluated
models evaluated
predicted for batch 20
predictions stored for batch 20
features evaluated
models evaluated
predicted for batch 21
predictions stored for batch 21
features evaluated
models evaluated
predicted for batch 22
predictions stored for batch 22
features evaluated
models evaluated
predicted for batch 23
predictions stored for batch 23
features evaluated
models evaluated
predicted for batch 24
predictions stored for batch 24
features evaluated
models evaluated
predicted for batch 25
predictions stored for batch 25
features evaluated
models evaluated
predicted for batch 26
predictions stored for batch 26
features evaluated
models evaluated
predicted for batch 27
predictions stored for batch 27
features evaluated
models evaluated
predicted for batch 28
predictions stored for batch 28
features evaluated
models evaluated
predicted for batch 29
predictions stored for batch 29
features evaluated
models evaluated
predicted for batch 30
predictions stored for batch 30
features evaluated
models evaluated
predicted for batch 31
predictions stored for batch 31
features evaluated
models evaluated
predicted for batch 32
predictions stored for batch 32
features evaluated
models evaluated
predicted for batch 33
predictions stored for batch 33
features evaluated
models evaluated
predicted for batch 34
predictions stored for batch 34
features evaluated
models evaluated
predicted for batch 35
predictions stored for batch 35
features evaluated
models evaluated
predicted for batch 36
predictions stored for batch 36
features evaluated
models evaluated
predicted for batch 37
predictions stored for batch 37
features evaluated
models evaluated
predicted for batch 38
predictions stored for batch 38
features evaluated
models evaluated
predicted for batch 39
predictions stored for batch 39
features evaluated
models evaluated
predicted for batch 40
predictions stored for batch 40
features evaluated
models evaluated
predicted for batch 41
predictions stored for batch 41
features evaluated
models evaluated
predicted for batch 42
predictions stored for batch 42
features evaluated
models evaluated
predicted for batch 43
predictions stored for batch 43
features evaluated
models evaluated
predicted for batch 44
predictions stored for batch 44
features evaluated
models evaluated
predicted for batch 45
predictions stored for batch 45
features evaluated
models evaluated
predicted for batch 46
predictions stored for batch 46
features evaluated
models evaluated
predicted for batch 47
predictions stored for batch 47
features evaluated
models evaluated
predicted for batch 48
predictions stored for batch 48
features evaluated
models evaluated
predicted for batch 49
predictions stored for batch 49
features evaluated
models evaluated
predicted for batch 50
predictions stored for batch 50
features evaluated
models evaluated
predicted for batch 51
predictions stored for batch 51
features evaluated
models evaluated
predicted for batch 52
predictions stored for batch 52
features evaluated
models evaluated
predicted for batch 53
predictions stored for batch 53
features evaluated
models evaluated
predicted for batch 54
predictions stored for batch 54
features evaluated
models evaluated
predicted for batch 55
predictions stored for batch 55
features evaluated
models evaluated
predicted for batch 56
predictions stored for batch 56
features evaluated
models evaluated
predicted for batch 57
predictions stored for batch 57
features evaluated
models evaluated
predicted for batch 58
predictions stored for batch 58
features evaluated
models evaluated
predicted for batch 59
predictions stored for batch 59
features evaluated
models evaluated
predicted for batch 60
predictions stored for batch 60
features evaluated
models evaluated
predicted for batch 61
predictions stored for batch 61
features evaluated
models evaluated
predicted for batch 62
predictions stored for batch 62
features evaluated
models evaluated
predicted for batch 63
predictions stored for batch 63
features evaluated
models evaluated
predicted for batch 64
predictions stored for batch 64
features evaluated
models evaluated
predicted for batch 65
predictions stored for batch 65
features evaluated
models evaluated
predicted for batch 66
predictions stored for batch 66
features evaluated
models evaluated
predicted for batch 67
predictions stored for batch 67
features evaluated
models evaluated
predicted for batch 68
predictions stored for batch 68
features evaluated
models evaluated
predicted for batch 69
predictions stored for batch 69
features evaluated
models evaluated
predicted for batch 70
predictions stored for batch 70
features evaluated
models evaluated
predicted for batch 71
predictions stored for batch 71
features evaluated
models evaluated
predicted for batch 72
predictions stored for batch 72
features evaluated
models evaluated
predicted for batch 73
predictions stored for batch 73
features evaluated
models evaluated
predicted for batch 74
predictions stored for batch 74
features evaluated
models evaluated
predicted for batch 75
predictions stored for batch 75
features evaluated
models evaluated
predicted for batch 76
predictions stored for batch 76
features evaluated
models evaluated
predicted for batch 77
predictions stored for batch 77
features evaluated
models evaluated
predicted for batch 78
predictions stored for batch 78
features evaluated
models evaluated
predicted for batch 79
predictions stored for batch 79
features evaluated
models evaluated
predicted for batch 80
predictions stored for batch 80
features evaluated
models evaluated
predicted for batch 81
predictions stored for batch 81
features evaluated
models evaluated
predicted for batch 82
predictions stored for batch 82
features evaluated
models evaluated
predicted for batch 83
predictions stored for batch 83
features evaluated
models evaluated
predicted for batch 84
predictions stored for batch 84
features evaluated
models evaluated
predicted for batch 85
predictions stored for batch 85
features evaluated
models evaluated
predicted for batch 86
predictions stored for batch 86
features evaluated
models evaluated
predicted for batch 87
predictions stored for batch 87
features evaluated
models evaluated
predicted for batch 88
predictions stored for batch 88
features evaluated
models evaluated
predicted for batch 89
predictions stored for batch 89
features evaluated
models evaluated
predicted for batch 90
predictions stored for batch 90
features evaluated
models evaluated
predicted for batch 91
predictions stored for batch 91
features evaluated
models evaluated
predicted for batch 92
predictions stored for batch 92
features evaluated
models evaluated
predicted for batch 93
predictions stored for batch 93
features evaluated
models evaluated
predicted for batch 94
predictions stored for batch 94
features evaluated
models evaluated
predicted for batch 95
predictions stored for batch 95
features evaluated
models evaluated
predicted for batch 96
predictions stored for batch 96
features evaluated
models evaluated
predicted for batch 97
predictions stored for batch 97
features evaluated
models evaluated
predicted for batch 98
predictions stored for batch 98
features evaluated
models evaluated
predicted for batch 99
predictions stored for batch 99
features evaluated
models evaluated
predicted for batch 100
predictions stored for batch 100
features evaluated
models evaluated
predicted for batch 101
predictions stored for batch 101
features evaluated
models evaluated
predicted for batch 102
predictions stored for batch 102
features evaluated
models evaluated
predicted for batch 103
predictions stored for batch 103
features evaluated
models evaluated
predicted for batch 104
predictions stored for batch 104
features evaluated
models evaluated
predicted for batch 105
predictions stored for batch 105
features evaluated
models evaluated
predicted for batch 106
predictions stored for batch 106
features evaluated
models evaluated
predicted for batch 107
predictions stored for batch 107
features evaluated
models evaluated
predicted for batch 108
predictions stored for batch 108
features evaluated
models evaluated
predicted for batch 109
predictions stored for batch 109
features evaluated
models evaluated
predicted for batch 110
predictions stored for batch 110
features evaluated
models evaluated
predicted for batch 111
predictions stored for batch 111
features evaluated
models evaluated
predicted for batch 112
predictions stored for batch 112
features evaluated
models evaluated
predicted for batch 113
predictions stored for batch 113
features evaluated
models evaluated
predicted for batch 114
predictions stored for batch 114
features evaluated
models evaluated
predicted for batch 115
predictions stored for batch 115
features evaluated
models evaluated
predicted for batch 116
predictions stored for batch 116
features evaluated
models evaluated
predicted for batch 117
predictions stored for batch 117
features evaluated
models evaluated
predicted for batch 118
predictions stored for batch 118
features evaluated
models evaluated
predicted for batch 119
predictions stored for batch 119
features evaluated
models evaluated
predicted for batch 120
predictions stored for batch 120
features evaluated
models evaluated
predicted for batch 121
predictions stored for batch 121
features evaluated
models evaluated
predicted for batch 122
predictions stored for batch 122
features evaluated
models evaluated
predicted for batch 123
predictions stored for batch 123
features evaluated
models evaluated
predicted for batch 124
predictions stored for batch 124
features evaluated
models evaluated
predicted for batch 125
predictions stored for batch 125
features evaluated
models evaluated
predicted for batch 126
predictions stored for batch 126
features evaluated
models evaluated
predicted for batch 127
predictions stored for batch 127
features evaluated
models evaluated
predicted for batch 128
predictions stored for batch 128
features evaluated
models evaluated
predicted for batch 129
predictions stored for batch 129
features evaluated
models evaluated
predicted for batch 130
predictions stored for batch 130
features evaluated
models evaluated
predicted for batch 131
predictions stored for batch 131
features evaluated
models evaluated
predicted for batch 132
predictions stored for batch 132
features evaluated
models evaluated
predicted for batch 133
predictions stored for batch 133
features evaluated
models evaluated
predicted for batch 134
predictions stored for batch 134
features evaluated
models evaluated
predicted for batch 135
predictions stored for batch 135
features evaluated
models evaluated
predicted for batch 136
predictions stored for batch 136
features evaluated
models evaluated
predicted for batch 137
predictions stored for batch 137
features evaluated
models evaluated
predicted for batch 138
predictions stored for batch 138
features evaluated
models evaluated
predicted for batch 139
predictions stored for batch 139
features evaluated
models evaluated
predicted for batch 140
predictions stored for batch 140
features evaluated
models evaluated
predicted for batch 141
predictions stored for batch 141
features evaluated
models evaluated
predicted for batch 142
predictions stored for batch 142
features evaluated
models evaluated
predicted for batch 143
predictions stored for batch 143
features evaluated
models evaluated
predicted for batch 144
predictions stored for batch 144
features evaluated
models evaluated
predicted for batch 145
predictions stored for batch 145
features evaluated
models evaluated
predicted for batch 146
predictions stored for batch 146
features evaluated
models evaluated
predicted for batch 147
predictions stored for batch 147
features evaluated
models evaluated
predicted for batch 148
predictions stored for batch 148
features evaluated
models evaluated
predicted for batch 149
predictions stored for batch 149
features evaluated
models evaluated
predicted for batch 150
predictions stored for batch 150
features evaluated
models evaluated
predicted for batch 151
predictions stored for batch 151
features evaluated
models evaluated
predicted for batch 152
predictions stored for batch 152
features evaluated
models evaluated
predicted for batch 153
predictions stored for batch 153
features evaluated
models evaluated
predicted for batch 154
predictions stored for batch 154
features evaluated
models evaluated
predicted for batch 155
predictions stored for batch 155
features evaluated
models evaluated
predicted for batch 156
predictions stored for batch 156
features evaluated
models evaluated
predicted for batch 157
predictions stored for batch 157
features evaluated
models evaluated
predicted for batch 158
predictions stored for batch 158
features evaluated
models evaluated
predicted for batch 159
predictions stored for batch 159
features evaluated
models evaluated
predicted for batch 160
predictions stored for batch 160
features evaluated
models evaluated
predicted for batch 161
predictions stored for batch 161
features evaluated
models evaluated
predicted for batch 162
predictions stored for batch 162
features evaluated
models evaluated
predicted for batch 163
predictions stored for batch 163
features evaluated
models evaluated
predicted for batch 164
predictions stored for batch 164
features evaluated
models evaluated
predicted for batch 165
predictions stored for batch 165
features evaluated
models evaluated
predicted for batch 166
predictions stored for batch 166
features evaluated
models evaluated
predicted for batch 167
predictions stored for batch 167
features evaluated
models evaluated
predicted for batch 168
predictions stored for batch 168
features evaluated
models evaluated
predicted for batch 169
predictions stored for batch 169
features evaluated
models evaluated
predicted for batch 170
predictions stored for batch 170
features evaluated
models evaluated
predicted for batch 171
predictions stored for batch 171
features evaluated
models evaluated
predicted for batch 172
predictions stored for batch 172
features evaluated
models evaluated
predicted for batch 173
predictions stored for batch 173
features evaluated
models evaluated
predicted for batch 174
predictions stored for batch 174
features evaluated
models evaluated
predicted for batch 175
predictions stored for batch 175
features evaluated
models evaluated
predicted for batch 176
predictions stored for batch 176
features evaluated
models evaluated
predicted for batch 177
predictions stored for batch 177
features evaluated
models evaluated
predicted for batch 178
predictions stored for batch 178
features evaluated
models evaluated
predicted for batch 179
predictions stored for batch 179
features evaluated
models evaluated
predicted for batch 180
predictions stored for batch 180
features evaluated
models evaluated
predicted for batch 181
predictions stored for batch 181
features evaluated
models evaluated
predicted for batch 182
predictions stored for batch 182
features evaluated
models evaluated
predicted for batch 183
predictions stored for batch 183
features evaluated
models evaluated
predicted for batch 184
predictions stored for batch 184
features evaluated
models evaluated
predicted for batch 185
predictions stored for batch 185
features evaluated
models evaluated
predicted for batch 186
predictions stored for batch 186
features evaluated
models evaluated
predicted for batch 187
predictions stored for batch 187
features evaluated
models evaluated
predicted for batch 188
predictions stored for batch 188
features evaluated
models evaluated
predicted for batch 189
predictions stored for batch 189
features evaluated
models evaluated
predicted for batch 190
predictions stored for batch 190
considering chemical species 6
loaded shielding model
split frames into 76 batches
features evaluated
models evaluated
predicted for batch 1
predictions stored for batch 1
features evaluated
models evaluated
predicted for batch 2
predictions stored for batch 2
features evaluated
models evaluated
predicted for batch 3
predictions stored for batch 3
features evaluated
models evaluated
predicted for batch 4
predictions stored for batch 4
features evaluated
models evaluated
predicted for batch 5
predictions stored for batch 5
features evaluated
models evaluated
predicted for batch 6
predictions stored for batch 6
features evaluated
models evaluated
predicted for batch 7
predictions stored for batch 7
features evaluated
models evaluated
predicted for batch 8
predictions stored for batch 8
features evaluated
models evaluated
predicted for batch 9
predictions stored for batch 9
features evaluated
models evaluated
predicted for batch 10
predictions stored for batch 10
features evaluated
models evaluated
predicted for batch 11
predictions stored for batch 11
features evaluated
models evaluated
predicted for batch 12
predictions stored for batch 12
features evaluated
models evaluated
predicted for batch 13
predictions stored for batch 13
features evaluated
models evaluated
predicted for batch 14
predictions stored for batch 14
features evaluated
models evaluated
predicted for batch 15
predictions stored for batch 15
features evaluated
models evaluated
predicted for batch 16
predictions stored for batch 16
features evaluated
models evaluated
predicted for batch 17
predictions stored for batch 17
features evaluated
models evaluated
predicted for batch 18
predictions stored for batch 18
features evaluated
models evaluated
predicted for batch 19
predictions stored for batch 19
features evaluated
models evaluated
predicted for batch 20
predictions stored for batch 20
features evaluated
models evaluated
predicted for batch 21
predictions stored for batch 21
features evaluated
models evaluated
predicted for batch 22
predictions stored for batch 22
features evaluated
models evaluated
predicted for batch 23
predictions stored for batch 23
features evaluated
models evaluated
predicted for batch 24
predictions stored for batch 24
features evaluated
models evaluated
predicted for batch 25
predictions stored for batch 25
features evaluated
models evaluated
predicted for batch 26
predictions stored for batch 26
features evaluated
models evaluated
predicted for batch 27
predictions stored for batch 27
features evaluated
models evaluated
predicted for batch 28
predictions stored for batch 28
features evaluated
models evaluated
predicted for batch 29
predictions stored for batch 29
features evaluated
models evaluated
predicted for batch 30
predictions stored for batch 30
features evaluated
models evaluated
predicted for batch 31
predictions stored for batch 31
features evaluated
models evaluated
predicted for batch 32
predictions stored for batch 32
features evaluated
models evaluated
predicted for batch 33
predictions stored for batch 33
features evaluated
models evaluated
predicted for batch 34
predictions stored for batch 34
features evaluated
models evaluated
predicted for batch 35
predictions stored for batch 35
features evaluated
models evaluated
predicted for batch 36
predictions stored for batch 36
features evaluated
models evaluated
predicted for batch 37
predictions stored for batch 37
features evaluated
models evaluated
predicted for batch 38
predictions stored for batch 38
features evaluated
models evaluated
predicted for batch 39
predictions stored for batch 39
features evaluated
models evaluated
predicted for batch 40
predictions stored for batch 40
features evaluated
models evaluated
predicted for batch 41
predictions stored for batch 41
features evaluated
models evaluated
predicted for batch 42
predictions stored for batch 42
features evaluated
models evaluated
predicted for batch 43
predictions stored for batch 43
features evaluated
models evaluated
predicted for batch 44
predictions stored for batch 44
features evaluated
models evaluated
predicted for batch 45
predictions stored for batch 45
features evaluated
models evaluated
predicted for batch 46
predictions stored for batch 46
features evaluated
models evaluated
predicted for batch 47
predictions stored for batch 47
features evaluated
models evaluated
predicted for batch 48
predictions stored for batch 48
features evaluated
models evaluated
predicted for batch 49
predictions stored for batch 49
features evaluated
models evaluated
predicted for batch 50
predictions stored for batch 50
features evaluated
models evaluated
predicted for batch 51
predictions stored for batch 51
features evaluated
models evaluated
predicted for batch 52
predictions stored for batch 52
features evaluated
models evaluated
predicted for batch 53
predictions stored for batch 53
features evaluated
models evaluated
predicted for batch 54
predictions stored for batch 54
features evaluated
models evaluated
predicted for batch 55
predictions stored for batch 55
features evaluated
models evaluated
predicted for batch 56
predictions stored for batch 56
features evaluated
models evaluated
predicted for batch 57
predictions stored for batch 57
features evaluated
models evaluated
predicted for batch 58
predictions stored for batch 58
features evaluated
models evaluated
predicted for batch 59
predictions stored for batch 59
features evaluated
models evaluated
predicted for batch 60
predictions stored for batch 60
features evaluated
models evaluated
predicted for batch 61
predictions stored for batch 61
features evaluated
models evaluated
predicted for batch 62
predictions stored for batch 62
features evaluated
models evaluated
predicted for batch 63
predictions stored for batch 63
features evaluated
models evaluated
predicted for batch 64
predictions stored for batch 64
features evaluated
models evaluated
predicted for batch 65
predictions stored for batch 65
features evaluated
models evaluated
predicted for batch 66
predictions stored for batch 66
features evaluated
models evaluated
predicted for batch 67
predictions stored for batch 67
features evaluated
models evaluated
predicted for batch 68
predictions stored for batch 68
features evaluated
models evaluated
predicted for batch 69
predictions stored for batch 69
features evaluated
models evaluated
predicted for batch 70
predictions stored for batch 70
features evaluated
models evaluated
predicted for batch 71
predictions stored for batch 71
features evaluated
models evaluated
predicted for batch 72
predictions stored for batch 72
features evaluated
models evaluated
predicted for batch 73
predictions stored for batch 73
features evaluated
models evaluated
predicted for batch 74
predictions stored for batch 74
features evaluated
models evaluated
predicted for batch 75
predictions stored for batch 75
features evaluated
models evaluated
predicted for batch 76
predictions stored for batch 76
considering chemical species 7
loaded shielding model
split frames into 38 batches
features evaluated
models evaluated
predicted for batch 1
predictions stored for batch 1
features evaluated
models evaluated
predicted for batch 2
predictions stored for batch 2
features evaluated
models evaluated
predicted for batch 3
predictions stored for batch 3
features evaluated
models evaluated
predicted for batch 4
predictions stored for batch 4
features evaluated
models evaluated
predicted for batch 5
predictions stored for batch 5
features evaluated
models evaluated
predicted for batch 6
predictions stored for batch 6
features evaluated
models evaluated
predicted for batch 7
predictions stored for batch 7
features evaluated
models evaluated
predicted for batch 8
predictions stored for batch 8
features evaluated
models evaluated
predicted for batch 9
predictions stored for batch 9
features evaluated
models evaluated
predicted for batch 10
predictions stored for batch 10
features evaluated
models evaluated
predicted for batch 11
predictions stored for batch 11
features evaluated
models evaluated
predicted for batch 12
predictions stored for batch 12
features evaluated
models evaluated
predicted for batch 13
predictions stored for batch 13
features evaluated
models evaluated
predicted for batch 14
predictions stored for batch 14
features evaluated
models evaluated
predicted for batch 15
predictions stored for batch 15
features evaluated
models evaluated
predicted for batch 16
predictions stored for batch 16
features evaluated
models evaluated
predicted for batch 17
predictions stored for batch 17
features evaluated
models evaluated
predicted for batch 18
predictions stored for batch 18
features evaluated
models evaluated
predicted for batch 19
predictions stored for batch 19
features evaluated
models evaluated
predicted for batch 20
predictions stored for batch 20
features evaluated
models evaluated
predicted for batch 21
predictions stored for batch 21
features evaluated
models evaluated
predicted for batch 22
predictions stored for batch 22
features evaluated
models evaluated
predicted for batch 23
predictions stored for batch 23
features evaluated
models evaluated
predicted for batch 24
predictions stored for batch 24
features evaluated
models evaluated
predicted for batch 25
predictions stored for batch 25
features evaluated
models evaluated
predicted for batch 26
predictions stored for batch 26
features evaluated
models evaluated
predicted for batch 27
predictions stored for batch 27
features evaluated
models evaluated
predicted for batch 28
predictions stored for batch 28
features evaluated
models evaluated
predicted for batch 29
predictions stored for batch 29
features evaluated
models evaluated
predicted for batch 30
predictions stored for batch 30
features evaluated
models evaluated
predicted for batch 31
predictions stored for batch 31
features evaluated
models evaluated
predicted for batch 32
predictions stored for batch 32
features evaluated
models evaluated
predicted for batch 33
predictions stored for batch 33
features evaluated
models evaluated
predicted for batch 34
predictions stored for batch 34
features evaluated
models evaluated
predicted for batch 35
predictions stored for batch 35
features evaluated
models evaluated
predicted for batch 36
predictions stored for batch 36
features evaluated
models evaluated
predicted for batch 37
predictions stored for batch 37
features evaluated
models evaluated
predicted for batch 38
predictions stored for batch 38
Frames to read: 9501
Atoms per frame: 20
Current frame: 100
Current frame: 200
Current frame: 300
Current frame: 400
Current frame: 500
Current frame: 600
Current frame: 700
Current frame: 800
Current frame: 900
Current frame: 1000
Current frame: 1100
Current frame: 1200
Current frame: 1300
Current frame: 1400
Current frame: 1500
Current frame: 1600
Current frame: 1700
Current frame: 1800
Current frame: 1900
Current frame: 2000
Current frame: 2100
Current frame: 2200
Current frame: 2300
Current frame: 2400
Current frame: 2500
Current frame: 2600
Current frame: 2700
Current frame: 2800
Current frame: 2900
Current frame: 3000
Current frame: 3100
Current frame: 3200
Current frame: 3300
Current frame: 3400
Current frame: 3500
Current frame: 3600
Current frame: 3700
Current frame: 3800
Current frame: 3900
Current frame: 4000
Current frame: 4100
Current frame: 4200
Current frame: 4300
Current frame: 4400
Current frame: 4500
Current frame: 4600
Current frame: 4700
Current frame: 4800
Current frame: 4900
Current frame: 5000
Current frame: 5100
Current frame: 5200
Current frame: 5300
Current frame: 5400
Current frame: 5500
Current frame: 5600
Current frame: 5700
Current frame: 5800
Current frame: 5900
Current frame: 6000
Current frame: 6100
Current frame: 6200
Current frame: 6300
Current frame: 6400
Current frame: 6500
Current frame: 6600
Current frame: 6700
Current frame: 6800
Current frame: 6900
Current frame: 7000
Current frame: 7100
Current frame: 7200
Current frame: 7300
Current frame: 7400
Current frame: 7500
Current frame: 7600
Current frame: 7700
Current frame: 7800
Current frame: 7900
Current frame: 8000
Current frame: 8100
Current frame: 8200
Current frame: 8300
Current frame: 8400
Current frame: 8500
Current frame: 8600
Current frame: 8700
Current frame: 8800
Current frame: 8900
Current frame: 9000
Current frame: 9100
Current frame: 9200
Current frame: 9300
Current frame: 9400
Current frame: 9500
Shieldings and errors saved as: shieldings.csv
