Traceback (most recent call last):
  File "/local/home/local/i-pi/bin/i-pi", line 105, in <module>
    main(args[0], options)
  File "/local/home/local/i-pi/bin/i-pi", line 70, in main
    softexit.trigger(" @ SIMULATION: Exiting cleanly.")
  File "/local/home/local/i-pi/ipi/utils/softexit.py", line 95, in trigger
    f()
  File "/local/home/local/i-pi/ipi/engine/forcefields.py", line 297, in softexit
    self.stop()
  File "/local/home/local/i-pi/ipi/engine/forcefields.py", line 369, in stop
    self.socket.close()
  File "/local/home/local/i-pi/ipi/interfaces/sockets.py", line 642, in close
    os.unlink("/tmp/ipi_" + self.address)
FileNotFoundError: [Errno 2] No such file or directory: '/tmp/ipi_lmp-base-bII'
frames loaded and prepared
considering chemical species 1
loaded shielding model
split frames into 456 batches
features evaluated
models evaluated
predicted for batch 1
predictions stored for batch 1
features evaluated
models evaluated
predicted for batch 2
predictions stored for batch 2
features evaluated
models evaluated
predicted for batch 3
predictions stored for batch 3
features evaluated
models evaluated
predicted for batch 4
predictions stored for batch 4
features evaluated
models evaluated
predicted for batch 5
predictions stored for batch 5
features evaluated
models evaluated
predicted for batch 6
predictions stored for batch 6
features evaluated
models evaluated
predicted for batch 7
predictions stored for batch 7
features evaluated
models evaluated
predicted for batch 8
predictions stored for batch 8
features evaluated
models evaluated
predicted for batch 9
predictions stored for batch 9
features evaluated
models evaluated
predicted for batch 10
predictions stored for batch 10
features evaluated
models evaluated
predicted for batch 11
predictions stored for batch 11
features evaluated
models evaluated
predicted for batch 12
predictions stored for batch 12
features evaluated
models evaluated
predicted for batch 13
predictions stored for batch 13
features evaluated
models evaluated
predicted for batch 14
predictions stored for batch 14
features evaluated
models evaluated
predicted for batch 15
predictions stored for batch 15
features evaluated
models evaluated
predicted for batch 16
predictions stored for batch 16
features evaluated
models evaluated
predicted for batch 17
predictions stored for batch 17
features evaluated
models evaluated
predicted for batch 18
predictions stored for batch 18
features evaluated
models evaluated
predicted for batch 19
predictions stored for batch 19
features evaluated
models evaluated
predicted for batch 20
predictions stored for batch 20
features evaluated
models evaluated
predicted for batch 21
predictions stored for batch 21
features evaluated
models evaluated
predicted for batch 22
predictions stored for batch 22
features evaluated
models evaluated
predicted for batch 23
predictions stored for batch 23
features evaluated
models evaluated
predicted for batch 24
predictions stored for batch 24
features evaluated
models evaluated
predicted for batch 25
predictions stored for batch 25
features evaluated
models evaluated
predicted for batch 26
predictions stored for batch 26
features evaluated
models evaluated
predicted for batch 27
predictions stored for batch 27
features evaluated
models evaluated
predicted for batch 28
predictions stored for batch 28
features evaluated
models evaluated
predicted for batch 29
predictions stored for batch 29
features evaluated
models evaluated
predicted for batch 30
predictions stored for batch 30
features evaluated
models evaluated
predicted for batch 31
predictions stored for batch 31
features evaluated
models evaluated
predicted for batch 32
predictions stored for batch 32
features evaluated
models evaluated
predicted for batch 33
predictions stored for batch 33
features evaluated
models evaluated
predicted for batch 34
predictions stored for batch 34
features evaluated
models evaluated
predicted for batch 35
predictions stored for batch 35
features evaluated
models evaluated
predicted for batch 36
predictions stored for batch 36
features evaluated
models evaluated
predicted for batch 37
predictions stored for batch 37
features evaluated
models evaluated
predicted for batch 38
predictions stored for batch 38
features evaluated
models evaluated
predicted for batch 39
predictions stored for batch 39
features evaluated
models evaluated
predicted for batch 40
predictions stored for batch 40
features evaluated
models evaluated
predicted for batch 41
predictions stored for batch 41
features evaluated
models evaluated
predicted for batch 42
predictions stored for batch 42
features evaluated
models evaluated
predicted for batch 43
predictions stored for batch 43
features evaluated
models evaluated
predicted for batch 44
predictions stored for batch 44
features evaluated
models evaluated
predicted for batch 45
predictions stored for batch 45
features evaluated
models evaluated
predicted for batch 46
predictions stored for batch 46
features evaluated
models evaluated
predicted for batch 47
predictions stored for batch 47
features evaluated
models evaluated
predicted for batch 48
predictions stored for batch 48
features evaluated
models evaluated
predicted for batch 49
predictions stored for batch 49
features evaluated
models evaluated
predicted for batch 50
predictions stored for batch 50
features evaluated
models evaluated
predicted for batch 51
predictions stored for batch 51
features evaluated
models evaluated
predicted for batch 52
predictions stored for batch 52
features evaluated
models evaluated
predicted for batch 53
predictions stored for batch 53
features evaluated
models evaluated
predicted for batch 54
predictions stored for batch 54
features evaluated
models evaluated
predicted for batch 55
predictions stored for batch 55
features evaluated
models evaluated
predicted for batch 56
predictions stored for batch 56
features evaluated
models evaluated
predicted for batch 57
predictions stored for batch 57
features evaluated
models evaluated
predicted for batch 58
predictions stored for batch 58
features evaluated
models evaluated
predicted for batch 59
predictions stored for batch 59
features evaluated
models evaluated
predicted for batch 60
predictions stored for batch 60
features evaluated
models evaluated
predicted for batch 61
predictions stored for batch 61
features evaluated
models evaluated
predicted for batch 62
predictions stored for batch 62
features evaluated
models evaluated
predicted for batch 63
predictions stored for batch 63
features evaluated
models evaluated
predicted for batch 64
predictions stored for batch 64
features evaluated
models evaluated
predicted for batch 65
predictions stored for batch 65
features evaluated
models evaluated
predicted for batch 66
predictions stored for batch 66
features evaluated
models evaluated
predicted for batch 67
predictions stored for batch 67
features evaluated
models evaluated
predicted for batch 68
predictions stored for batch 68
features evaluated
models evaluated
predicted for batch 69
predictions stored for batch 69
features evaluated
models evaluated
predicted for batch 70
predictions stored for batch 70
features evaluated
models evaluated
predicted for batch 71
predictions stored for batch 71
features evaluated
models evaluated
predicted for batch 72
predictions stored for batch 72
features evaluated
models evaluated
predicted for batch 73
predictions stored for batch 73
features evaluated
models evaluated
predicted for batch 74
predictions stored for batch 74
features evaluated
models evaluated
predicted for batch 75
predictions stored for batch 75
features evaluated
models evaluated
predicted for batch 76
predictions stored for batch 76
features evaluated
models evaluated
predicted for batch 77
predictions stored for batch 77
features evaluated
models evaluated
predicted for batch 78
predictions stored for batch 78
features evaluated
models evaluated
predicted for batch 79
predictions stored for batch 79
features evaluated
models evaluated
predicted for batch 80
predictions stored for batch 80
features evaluated
models evaluated
predicted for batch 81
predictions stored for batch 81
features evaluated
models evaluated
predicted for batch 82
predictions stored for batch 82
features evaluated
models evaluated
predicted for batch 83
predictions stored for batch 83
features evaluated
models evaluated
predicted for batch 84
predictions stored for batch 84
features evaluated
models evaluated
predicted for batch 85
predictions stored for batch 85
features evaluated
models evaluated
predicted for batch 86
predictions stored for batch 86
features evaluated
models evaluated
predicted for batch 87
predictions stored for batch 87
features evaluated
models evaluated
predicted for batch 88
predictions stored for batch 88
features evaluated
models evaluated
predicted for batch 89
predictions stored for batch 89
features evaluated
models evaluated
predicted for batch 90
predictions stored for batch 90
features evaluated
models evaluated
predicted for batch 91
predictions stored for batch 91
features evaluated
models evaluated
predicted for batch 92
predictions stored for batch 92
features evaluated
models evaluated
predicted for batch 93
predictions stored for batch 93
features evaluated
models evaluated
predicted for batch 94
predictions stored for batch 94
features evaluated
models evaluated
predicted for batch 95
predictions stored for batch 95
features evaluated
models evaluated
predicted for batch 96
predictions stored for batch 96
features evaluated
models evaluated
predicted for batch 97
predictions stored for batch 97
features evaluated
models evaluated
predicted for batch 98
predictions stored for batch 98
features evaluated
models evaluated
predicted for batch 99
predictions stored for batch 99
features evaluated
models evaluated
predicted for batch 100
predictions stored for batch 100
features evaluated
models evaluated
predicted for batch 101
predictions stored for batch 101
features evaluated
models evaluated
predicted for batch 102
predictions stored for batch 102
features evaluated
models evaluated
predicted for batch 103
predictions stored for batch 103
features evaluated
models evaluated
predicted for batch 104
predictions stored for batch 104
features evaluated
models evaluated
predicted for batch 105
predictions stored for batch 105
features evaluated
models evaluated
predicted for batch 106
predictions stored for batch 106
features evaluated
models evaluated
predicted for batch 107
predictions stored for batch 107
features evaluated
models evaluated
predicted for batch 108
predictions stored for batch 108
features evaluated
models evaluated
predicted for batch 109
predictions stored for batch 109
features evaluated
models evaluated
predicted for batch 110
predictions stored for batch 110
features evaluated
models evaluated
predicted for batch 111
predictions stored for batch 111
features evaluated
models evaluated
predicted for batch 112
predictions stored for batch 112
features evaluated
models evaluated
predicted for batch 113
predictions stored for batch 113
features evaluated
models evaluated
predicted for batch 114
predictions stored for batch 114
features evaluated
models evaluated
predicted for batch 115
predictions stored for batch 115
features evaluated
models evaluated
predicted for batch 116
predictions stored for batch 116
features evaluated
models evaluated
predicted for batch 117
predictions stored for batch 117
features evaluated
models evaluated
predicted for batch 118
predictions stored for batch 118
features evaluated
models evaluated
predicted for batch 119
predictions stored for batch 119
features evaluated
models evaluated
predicted for batch 120
predictions stored for batch 120
features evaluated
models evaluated
predicted for batch 121
predictions stored for batch 121
features evaluated
models evaluated
predicted for batch 122
predictions stored for batch 122
features evaluated
models evaluated
predicted for batch 123
predictions stored for batch 123
features evaluated
models evaluated
predicted for batch 124
predictions stored for batch 124
features evaluated
models evaluated
predicted for batch 125
predictions stored for batch 125
features evaluated
models evaluated
predicted for batch 126
predictions stored for batch 126
features evaluated
models evaluated
predicted for batch 127
predictions stored for batch 127
features evaluated
models evaluated
predicted for batch 128
predictions stored for batch 128
features evaluated
models evaluated
predicted for batch 129
predictions stored for batch 129
features evaluated
models evaluated
predicted for batch 130
predictions stored for batch 130
features evaluated
models evaluated
predicted for batch 131
predictions stored for batch 131
features evaluated
models evaluated
predicted for batch 132
predictions stored for batch 132
features evaluated
models evaluated
predicted for batch 133
predictions stored for batch 133
features evaluated
models evaluated
predicted for batch 134
predictions stored for batch 134
features evaluated
models evaluated
predicted for batch 135
predictions stored for batch 135
features evaluated
models evaluated
predicted for batch 136
predictions stored for batch 136
features evaluated
models evaluated
predicted for batch 137
predictions stored for batch 137
features evaluated
models evaluated
predicted for batch 138
predictions stored for batch 138
features evaluated
models evaluated
predicted for batch 139
predictions stored for batch 139
features evaluated
models evaluated
predicted for batch 140
predictions stored for batch 140
features evaluated
models evaluated
predicted for batch 141
predictions stored for batch 141
features evaluated
models evaluated
predicted for batch 142
predictions stored for batch 142
features evaluated
models evaluated
predicted for batch 143
predictions stored for batch 143
features evaluated
models evaluated
predicted for batch 144
predictions stored for batch 144
features evaluated
models evaluated
predicted for batch 145
predictions stored for batch 145
features evaluated
models evaluated
predicted for batch 146
predictions stored for batch 146
features evaluated
models evaluated
predicted for batch 147
predictions stored for batch 147
features evaluated
models evaluated
predicted for batch 148
predictions stored for batch 148
features evaluated
models evaluated
predicted for batch 149
predictions stored for batch 149
features evaluated
models evaluated
predicted for batch 150
predictions stored for batch 150
features evaluated
models evaluated
predicted for batch 151
predictions stored for batch 151
features evaluated
models evaluated
predicted for batch 152
predictions stored for batch 152
features evaluated
models evaluated
predicted for batch 153
predictions stored for batch 153
features evaluated
models evaluated
predicted for batch 154
predictions stored for batch 154
features evaluated
models evaluated
predicted for batch 155
predictions stored for batch 155
features evaluated
models evaluated
predicted for batch 156
predictions stored for batch 156
features evaluated
models evaluated
predicted for batch 157
predictions stored for batch 157
features evaluated
models evaluated
predicted for batch 158
predictions stored for batch 158
features evaluated
models evaluated
predicted for batch 159
predictions stored for batch 159
features evaluated
models evaluated
predicted for batch 160
predictions stored for batch 160
features evaluated
models evaluated
predicted for batch 161
predictions stored for batch 161
features evaluated
models evaluated
predicted for batch 162
predictions stored for batch 162
features evaluated
models evaluated
predicted for batch 163
predictions stored for batch 163
features evaluated
models evaluated
predicted for batch 164
predictions stored for batch 164
features evaluated
models evaluated
predicted for batch 165
predictions stored for batch 165
features evaluated
models evaluated
predicted for batch 166
predictions stored for batch 166
features evaluated
models evaluated
predicted for batch 167
predictions stored for batch 167
features evaluated
models evaluated
predicted for batch 168
predictions stored for batch 168
features evaluated
models evaluated
predicted for batch 169
predictions stored for batch 169
features evaluated
models evaluated
predicted for batch 170
predictions stored for batch 170
features evaluated
models evaluated
predicted for batch 171
predictions stored for batch 171
features evaluated
models evaluated
predicted for batch 172
predictions stored for batch 172
features evaluated
models evaluated
predicted for batch 173
predictions stored for batch 173
features evaluated
models evaluated
predicted for batch 174
predictions stored for batch 174
features evaluated
models evaluated
predicted for batch 175
predictions stored for batch 175
features evaluated
models evaluated
predicted for batch 176
predictions stored for batch 176
features evaluated
models evaluated
predicted for batch 177
predictions stored for batch 177
features evaluated
models evaluated
predicted for batch 178
predictions stored for batch 178
features evaluated
models evaluated
predicted for batch 179
predictions stored for batch 179
features evaluated
models evaluated
predicted for batch 180
predictions stored for batch 180
features evaluated
models evaluated
predicted for batch 181
predictions stored for batch 181
features evaluated
models evaluated
predicted for batch 182
predictions stored for batch 182
features evaluated
models evaluated
predicted for batch 183
predictions stored for batch 183
features evaluated
models evaluated
predicted for batch 184
predictions stored for batch 184
features evaluated
models evaluated
predicted for batch 185
predictions stored for batch 185
features evaluated
models evaluated
predicted for batch 186
predictions stored for batch 186
features evaluated
models evaluated
predicted for batch 187
predictions stored for batch 187
features evaluated
models evaluated
predicted for batch 188
predictions stored for batch 188
features evaluated
models evaluated
predicted for batch 189
predictions stored for batch 189
features evaluated
models evaluated
predicted for batch 190
predictions stored for batch 190
features evaluated
models evaluated
predicted for batch 191
predictions stored for batch 191
features evaluated
models evaluated
predicted for batch 192
predictions stored for batch 192
features evaluated
models evaluated
predicted for batch 193
predictions stored for batch 193
features evaluated
models evaluated
predicted for batch 194
predictions stored for batch 194
features evaluated
models evaluated
predicted for batch 195
predictions stored for batch 195
features evaluated
models evaluated
predicted for batch 196
predictions stored for batch 196
features evaluated
models evaluated
predicted for batch 197
predictions stored for batch 197
features evaluated
models evaluated
predicted for batch 198
predictions stored for batch 198
features evaluated
models evaluated
predicted for batch 199
predictions stored for batch 199
features evaluated
models evaluated
predicted for batch 200
predictions stored for batch 200
features evaluated
models evaluated
predicted for batch 201
predictions stored for batch 201
features evaluated
models evaluated
predicted for batch 202
predictions stored for batch 202
features evaluated
models evaluated
predicted for batch 203
predictions stored for batch 203
features evaluated
models evaluated
predicted for batch 204
predictions stored for batch 204
features evaluated
models evaluated
predicted for batch 205
predictions stored for batch 205
features evaluated
models evaluated
predicted for batch 206
predictions stored for batch 206
features evaluated
models evaluated
predicted for batch 207
predictions stored for batch 207
features evaluated
models evaluated
predicted for batch 208
predictions stored for batch 208
features evaluated
models evaluated
predicted for batch 209
predictions stored for batch 209
features evaluated
models evaluated
predicted for batch 210
predictions stored for batch 210
features evaluated
models evaluated
predicted for batch 211
predictions stored for batch 211
features evaluated
models evaluated
predicted for batch 212
predictions stored for batch 212
features evaluated
models evaluated
predicted for batch 213
predictions stored for batch 213
features evaluated
models evaluated
predicted for batch 214
predictions stored for batch 214
features evaluated
models evaluated
predicted for batch 215
predictions stored for batch 215
features evaluated
models evaluated
predicted for batch 216
predictions stored for batch 216
features evaluated
models evaluated
predicted for batch 217
predictions stored for batch 217
features evaluated
models evaluated
predicted for batch 218
predictions stored for batch 218
features evaluated
models evaluated
predicted for batch 219
predictions stored for batch 219
features evaluated
models evaluated
predicted for batch 220
predictions stored for batch 220
features evaluated
models evaluated
predicted for batch 221
predictions stored for batch 221
features evaluated
models evaluated
predicted for batch 222
predictions stored for batch 222
features evaluated
models evaluated
predicted for batch 223
predictions stored for batch 223
features evaluated
models evaluated
predicted for batch 224
predictions stored for batch 224
features evaluated
models evaluated
predicted for batch 225
predictions stored for batch 225
features evaluated
models evaluated
predicted for batch 226
predictions stored for batch 226
features evaluated
models evaluated
predicted for batch 227
predictions stored for batch 227
features evaluated
models evaluated
predicted for batch 228
predictions stored for batch 228
features evaluated
models evaluated
predicted for batch 229
predictions stored for batch 229
features evaluated
models evaluated
predicted for batch 230
predictions stored for batch 230
features evaluated
models evaluated
predicted for batch 231
predictions stored for batch 231
features evaluated
models evaluated
predicted for batch 232
predictions stored for batch 232
features evaluated
models evaluated
predicted for batch 233
predictions stored for batch 233
features evaluated
models evaluated
predicted for batch 234
predictions stored for batch 234
features evaluated
models evaluated
predicted for batch 235
predictions stored for batch 235
features evaluated
models evaluated
predicted for batch 236
predictions stored for batch 236
features evaluated
models evaluated
predicted for batch 237
predictions stored for batch 237
features evaluated
models evaluated
predicted for batch 238
predictions stored for batch 238
features evaluated
models evaluated
predicted for batch 239
predictions stored for batch 239
features evaluated
models evaluated
predicted for batch 240
predictions stored for batch 240
features evaluated
models evaluated
predicted for batch 241
predictions stored for batch 241
features evaluated
models evaluated
predicted for batch 242
predictions stored for batch 242
features evaluated
models evaluated
predicted for batch 243
predictions stored for batch 243
features evaluated
models evaluated
predicted for batch 244
predictions stored for batch 244
features evaluated
models evaluated
predicted for batch 245
predictions stored for batch 245
features evaluated
models evaluated
predicted for batch 246
predictions stored for batch 246
features evaluated
models evaluated
predicted for batch 247
predictions stored for batch 247
features evaluated
models evaluated
predicted for batch 248
predictions stored for batch 248
features evaluated
models evaluated
predicted for batch 249
predictions stored for batch 249
features evaluated
models evaluated
predicted for batch 250
predictions stored for batch 250
features evaluated
models evaluated
predicted for batch 251
predictions stored for batch 251
features evaluated
models evaluated
predicted for batch 252
predictions stored for batch 252
features evaluated
models evaluated
predicted for batch 253
predictions stored for batch 253
features evaluated
models evaluated
predicted for batch 254
predictions stored for batch 254
features evaluated
models evaluated
predicted for batch 255
predictions stored for batch 255
features evaluated
models evaluated
predicted for batch 256
predictions stored for batch 256
features evaluated
models evaluated
predicted for batch 257
predictions stored for batch 257
features evaluated
models evaluated
predicted for batch 258
predictions stored for batch 258
features evaluated
models evaluated
predicted for batch 259
predictions stored for batch 259
features evaluated
models evaluated
predicted for batch 260
predictions stored for batch 260
features evaluated
models evaluated
predicted for batch 261
predictions stored for batch 261
features evaluated
models evaluated
predicted for batch 262
predictions stored for batch 262
features evaluated
models evaluated
predicted for batch 263
predictions stored for batch 263
features evaluated
models evaluated
predicted for batch 264
predictions stored for batch 264
features evaluated
models evaluated
predicted for batch 265
predictions stored for batch 265
features evaluated
models evaluated
predicted for batch 266
predictions stored for batch 266
features evaluated
models evaluated
predicted for batch 267
predictions stored for batch 267
features evaluated
models evaluated
predicted for batch 268
predictions stored for batch 268
features evaluated
models evaluated
predicted for batch 269
predictions stored for batch 269
features evaluated
models evaluated
predicted for batch 270
predictions stored for batch 270
features evaluated
models evaluated
predicted for batch 271
predictions stored for batch 271
features evaluated
models evaluated
predicted for batch 272
predictions stored for batch 272
features evaluated
models evaluated
predicted for batch 273
predictions stored for batch 273
features evaluated
models evaluated
predicted for batch 274
predictions stored for batch 274
features evaluated
models evaluated
predicted for batch 275
predictions stored for batch 275
features evaluated
models evaluated
predicted for batch 276
predictions stored for batch 276
features evaluated
models evaluated
predicted for batch 277
predictions stored for batch 277
features evaluated
models evaluated
predicted for batch 278
predictions stored for batch 278
features evaluated
models evaluated
predicted for batch 279
predictions stored for batch 279
features evaluated
models evaluated
predicted for batch 280
predictions stored for batch 280
features evaluated
models evaluated
predicted for batch 281
predictions stored for batch 281
features evaluated
models evaluated
predicted for batch 282
predictions stored for batch 282
features evaluated
models evaluated
predicted for batch 283
predictions stored for batch 283
features evaluated
models evaluated
predicted for batch 284
predictions stored for batch 284
features evaluated
models evaluated
predicted for batch 285
predictions stored for batch 285
features evaluated
models evaluated
predicted for batch 286
predictions stored for batch 286
features evaluated
models evaluated
predicted for batch 287
predictions stored for batch 287
features evaluated
models evaluated
predicted for batch 288
predictions stored for batch 288
features evaluated
models evaluated
predicted for batch 289
predictions stored for batch 289
features evaluated
models evaluated
predicted for batch 290
predictions stored for batch 290
features evaluated
models evaluated
predicted for batch 291
predictions stored for batch 291
features evaluated
models evaluated
predicted for batch 292
predictions stored for batch 292
features evaluated
models evaluated
predicted for batch 293
predictions stored for batch 293
features evaluated
models evaluated
predicted for batch 294
predictions stored for batch 294
features evaluated
models evaluated
predicted for batch 295
predictions stored for batch 295
features evaluated
models evaluated
predicted for batch 296
predictions stored for batch 296
features evaluated
models evaluated
predicted for batch 297
predictions stored for batch 297
features evaluated
models evaluated
predicted for batch 298
predictions stored for batch 298
features evaluated
models evaluated
predicted for batch 299
predictions stored for batch 299
features evaluated
models evaluated
predicted for batch 300
predictions stored for batch 300
features evaluated
models evaluated
predicted for batch 301
predictions stored for batch 301
features evaluated
models evaluated
predicted for batch 302
predictions stored for batch 302
features evaluated
models evaluated
predicted for batch 303
predictions stored for batch 303
features evaluated
models evaluated
predicted for batch 304
predictions stored for batch 304
features evaluated
models evaluated
predicted for batch 305
predictions stored for batch 305
features evaluated
models evaluated
predicted for batch 306
predictions stored for batch 306
features evaluated
models evaluated
predicted for batch 307
predictions stored for batch 307
features evaluated
models evaluated
predicted for batch 308
predictions stored for batch 308
features evaluated
models evaluated
predicted for batch 309
predictions stored for batch 309
features evaluated
models evaluated
predicted for batch 310
predictions stored for batch 310
features evaluated
models evaluated
predicted for batch 311
predictions stored for batch 311
features evaluated
models evaluated
predicted for batch 312
predictions stored for batch 312
features evaluated
models evaluated
predicted for batch 313
predictions stored for batch 313
features evaluated
models evaluated
predicted for batch 314
predictions stored for batch 314
features evaluated
models evaluated
predicted for batch 315
predictions stored for batch 315
features evaluated
models evaluated
predicted for batch 316
predictions stored for batch 316
features evaluated
models evaluated
predicted for batch 317
predictions stored for batch 317
features evaluated
models evaluated
predicted for batch 318
predictions stored for batch 318
features evaluated
models evaluated
predicted for batch 319
predictions stored for batch 319
features evaluated
models evaluated
predicted for batch 320
predictions stored for batch 320
features evaluated
models evaluated
predicted for batch 321
predictions stored for batch 321
features evaluated
models evaluated
predicted for batch 322
predictions stored for batch 322
features evaluated
models evaluated
predicted for batch 323
predictions stored for batch 323
features evaluated
models evaluated
predicted for batch 324
predictions stored for batch 324
features evaluated
models evaluated
predicted for batch 325
predictions stored for batch 325
features evaluated
models evaluated
predicted for batch 326
predictions stored for batch 326
features evaluated
models evaluated
predicted for batch 327
predictions stored for batch 327
features evaluated
models evaluated
predicted for batch 328
predictions stored for batch 328
features evaluated
models evaluated
predicted for batch 329
predictions stored for batch 329
features evaluated
models evaluated
predicted for batch 330
predictions stored for batch 330
features evaluated
models evaluated
predicted for batch 331
predictions stored for batch 331
features evaluated
models evaluated
predicted for batch 332
predictions stored for batch 332
features evaluated
models evaluated
predicted for batch 333
predictions stored for batch 333
features evaluated
models evaluated
predicted for batch 334
predictions stored for batch 334
features evaluated
models evaluated
predicted for batch 335
predictions stored for batch 335
features evaluated
models evaluated
predicted for batch 336
predictions stored for batch 336
features evaluated
models evaluated
predicted for batch 337
predictions stored for batch 337
features evaluated
models evaluated
predicted for batch 338
predictions stored for batch 338
features evaluated
models evaluated
predicted for batch 339
predictions stored for batch 339
features evaluated
models evaluated
predicted for batch 340
predictions stored for batch 340
features evaluated
models evaluated
predicted for batch 341
predictions stored for batch 341
features evaluated
models evaluated
predicted for batch 342
predictions stored for batch 342
features evaluated
models evaluated
predicted for batch 343
predictions stored for batch 343
features evaluated
models evaluated
predicted for batch 344
predictions stored for batch 344
features evaluated
models evaluated
predicted for batch 345
predictions stored for batch 345
features evaluated
models evaluated
predicted for batch 346
predictions stored for batch 346
features evaluated
models evaluated
predicted for batch 347
predictions stored for batch 347
features evaluated
models evaluated
predicted for batch 348
predictions stored for batch 348
features evaluated
models evaluated
predicted for batch 349
predictions stored for batch 349
features evaluated
models evaluated
predicted for batch 350
predictions stored for batch 350
features evaluated
models evaluated
predicted for batch 351
predictions stored for batch 351
features evaluated
models evaluated
predicted for batch 352
predictions stored for batch 352
features evaluated
models evaluated
predicted for batch 353
predictions stored for batch 353
features evaluated
models evaluated
predicted for batch 354
predictions stored for batch 354
features evaluated
models evaluated
predicted for batch 355
predictions stored for batch 355
features evaluated
models evaluated
predicted for batch 356
predictions stored for batch 356
features evaluated
models evaluated
predicted for batch 357
predictions stored for batch 357
features evaluated
models evaluated
predicted for batch 358
predictions stored for batch 358
features evaluated
models evaluated
predicted for batch 359
predictions stored for batch 359
features evaluated
models evaluated
predicted for batch 360
predictions stored for batch 360
features evaluated
models evaluated
predicted for batch 361
predictions stored for batch 361
features evaluated
models evaluated
predicted for batch 362
predictions stored for batch 362
features evaluated
models evaluated
predicted for batch 363
predictions stored for batch 363
features evaluated
models evaluated
predicted for batch 364
predictions stored for batch 364
features evaluated
models evaluated
predicted for batch 365
predictions stored for batch 365
features evaluated
models evaluated
predicted for batch 366
predictions stored for batch 366
features evaluated
models evaluated
predicted for batch 367
predictions stored for batch 367
features evaluated
models evaluated
predicted for batch 368
predictions stored for batch 368
features evaluated
models evaluated
predicted for batch 369
predictions stored for batch 369
features evaluated
models evaluated
predicted for batch 370
predictions stored for batch 370
features evaluated
models evaluated
predicted for batch 371
predictions stored for batch 371
features evaluated
models evaluated
predicted for batch 372
predictions stored for batch 372
features evaluated
models evaluated
predicted for batch 373
predictions stored for batch 373
features evaluated
models evaluated
predicted for batch 374
predictions stored for batch 374
features evaluated
models evaluated
predicted for batch 375
predictions stored for batch 375
features evaluated
models evaluated
predicted for batch 376
predictions stored for batch 376
features evaluated
models evaluated
predicted for batch 377
predictions stored for batch 377
features evaluated
models evaluated
predicted for batch 378
predictions stored for batch 378
features evaluated
models evaluated
predicted for batch 379
predictions stored for batch 379
features evaluated
models evaluated
predicted for batch 380
predictions stored for batch 380
features evaluated
models evaluated
predicted for batch 381
predictions stored for batch 381
features evaluated
models evaluated
predicted for batch 382
predictions stored for batch 382
features evaluated
models evaluated
predicted for batch 383
predictions stored for batch 383
features evaluated
models evaluated
predicted for batch 384
predictions stored for batch 384
features evaluated
models evaluated
predicted for batch 385
predictions stored for batch 385
features evaluated
models evaluated
predicted for batch 386
predictions stored for batch 386
features evaluated
models evaluated
predicted for batch 387
predictions stored for batch 387
features evaluated
models evaluated
predicted for batch 388
predictions stored for batch 388
features evaluated
models evaluated
predicted for batch 389
predictions stored for batch 389
features evaluated
models evaluated
predicted for batch 390
predictions stored for batch 390
features evaluated
models evaluated
predicted for batch 391
predictions stored for batch 391
features evaluated
models evaluated
predicted for batch 392
predictions stored for batch 392
features evaluated
models evaluated
predicted for batch 393
predictions stored for batch 393
features evaluated
models evaluated
predicted for batch 394
predictions stored for batch 394
features evaluated
models evaluated
predicted for batch 395
predictions stored for batch 395
features evaluated
models evaluated
predicted for batch 396
predictions stored for batch 396
features evaluated
models evaluated
predicted for batch 397
predictions stored for batch 397
features evaluated
models evaluated
predicted for batch 398
predictions stored for batch 398
features evaluated
models evaluated
predicted for batch 399
predictions stored for batch 399
features evaluated
models evaluated
predicted for batch 400
predictions stored for batch 400
features evaluated
models evaluated
predicted for batch 401
predictions stored for batch 401
features evaluated
models evaluated
predicted for batch 402
predictions stored for batch 402
features evaluated
models evaluated
predicted for batch 403
predictions stored for batch 403
features evaluated
models evaluated
predicted for batch 404
predictions stored for batch 404
features evaluated
models evaluated
predicted for batch 405
predictions stored for batch 405
features evaluated
models evaluated
predicted for batch 406
predictions stored for batch 406
features evaluated
models evaluated
predicted for batch 407
predictions stored for batch 407
features evaluated
models evaluated
predicted for batch 408
predictions stored for batch 408
features evaluated
models evaluated
predicted for batch 409
predictions stored for batch 409
features evaluated
models evaluated
predicted for batch 410
predictions stored for batch 410
features evaluated
models evaluated
predicted for batch 411
predictions stored for batch 411
features evaluated
models evaluated
predicted for batch 412
predictions stored for batch 412
features evaluated
models evaluated
predicted for batch 413
predictions stored for batch 413
features evaluated
models evaluated
predicted for batch 414
predictions stored for batch 414
features evaluated
models evaluated
predicted for batch 415
predictions stored for batch 415
features evaluated
models evaluated
predicted for batch 416
predictions stored for batch 416
features evaluated
models evaluated
predicted for batch 417
predictions stored for batch 417
features evaluated
models evaluated
predicted for batch 418
predictions stored for batch 418
features evaluated
models evaluated
predicted for batch 419
predictions stored for batch 419
features evaluated
models evaluated
predicted for batch 420
predictions stored for batch 420
features evaluated
models evaluated
predicted for batch 421
predictions stored for batch 421
features evaluated
models evaluated
predicted for batch 422
predictions stored for batch 422
features evaluated
models evaluated
predicted for batch 423
predictions stored for batch 423
features evaluated
models evaluated
predicted for batch 424
predictions stored for batch 424
features evaluated
models evaluated
predicted for batch 425
predictions stored for batch 425
features evaluated
models evaluated
predicted for batch 426
predictions stored for batch 426
features evaluated
models evaluated
predicted for batch 427
predictions stored for batch 427
features evaluated
models evaluated
predicted for batch 428
predictions stored for batch 428
features evaluated
models evaluated
predicted for batch 429
predictions stored for batch 429
features evaluated
models evaluated
predicted for batch 430
predictions stored for batch 430
features evaluated
models evaluated
predicted for batch 431
predictions stored for batch 431
features evaluated
models evaluated
predicted for batch 432
predictions stored for batch 432
features evaluated
models evaluated
predicted for batch 433
predictions stored for batch 433
features evaluated
models evaluated
predicted for batch 434
predictions stored for batch 434
features evaluated
models evaluated
predicted for batch 435
predictions stored for batch 435
features evaluated
models evaluated
predicted for batch 436
predictions stored for batch 436
features evaluated
models evaluated
predicted for batch 437
predictions stored for batch 437
features evaluated
models evaluated
predicted for batch 438
predictions stored for batch 438
features evaluated
models evaluated
predicted for batch 439
predictions stored for batch 439
features evaluated
models evaluated
predicted for batch 440
predictions stored for batch 440
features evaluated
models evaluated
predicted for batch 441
predictions stored for batch 441
features evaluated
models evaluated
predicted for batch 442
predictions stored for batch 442
features evaluated
models evaluated
predicted for batch 443
predictions stored for batch 443
features evaluated
models evaluated
predicted for batch 444
predictions stored for batch 444
features evaluated
models evaluated
predicted for batch 445
predictions stored for batch 445
features evaluated
models evaluated
predicted for batch 446
predictions stored for batch 446
features evaluated
models evaluated
predicted for batch 447
predictions stored for batch 447
features evaluated
models evaluated
predicted for batch 448
predictions stored for batch 448
features evaluated
models evaluated
predicted for batch 449
predictions stored for batch 449
features evaluated
models evaluated
predicted for batch 450
predictions stored for batch 450
features evaluated
models evaluated
predicted for batch 451
predictions stored for batch 451
features evaluated
models evaluated
predicted for batch 452
predictions stored for batch 452
features evaluated
models evaluated
predicted for batch 453
predictions stored for batch 453
features evaluated
models evaluated
predicted for batch 454
predictions stored for batch 454
features evaluated
models evaluated
predicted for batch 455
predictions stored for batch 455
features evaluated
models evaluated
predicted for batch 456
predictions stored for batch 456
considering chemical species 6
loaded shielding model
split frames into 456 batches
features evaluated
models evaluated
predicted for batch 1
predictions stored for batch 1
features evaluated
models evaluated
predicted for batch 2
predictions stored for batch 2
features evaluated
models evaluated
predicted for batch 3
predictions stored for batch 3
features evaluated
models evaluated
predicted for batch 4
predictions stored for batch 4
features evaluated
models evaluated
predicted for batch 5
predictions stored for batch 5
features evaluated
models evaluated
predicted for batch 6
predictions stored for batch 6
features evaluated
models evaluated
predicted for batch 7
predictions stored for batch 7
features evaluated
models evaluated
predicted for batch 8
predictions stored for batch 8
features evaluated
models evaluated
predicted for batch 9
predictions stored for batch 9
features evaluated
models evaluated
predicted for batch 10
predictions stored for batch 10
features evaluated
models evaluated
predicted for batch 11
predictions stored for batch 11
features evaluated
models evaluated
predicted for batch 12
predictions stored for batch 12
features evaluated
models evaluated
predicted for batch 13
predictions stored for batch 13
features evaluated
models evaluated
predicted for batch 14
predictions stored for batch 14
features evaluated
models evaluated
predicted for batch 15
predictions stored for batch 15
features evaluated
models evaluated
predicted for batch 16
predictions stored for batch 16
features evaluated
models evaluated
predicted for batch 17
predictions stored for batch 17
features evaluated
models evaluated
predicted for batch 18
predictions stored for batch 18
features evaluated
models evaluated
predicted for batch 19
predictions stored for batch 19
features evaluated
models evaluated
predicted for batch 20
predictions stored for batch 20
features evaluated
models evaluated
predicted for batch 21
predictions stored for batch 21
features evaluated
models evaluated
predicted for batch 22
predictions stored for batch 22
features evaluated
models evaluated
predicted for batch 23
predictions stored for batch 23
features evaluated
models evaluated
predicted for batch 24
predictions stored for batch 24
features evaluated
models evaluated
predicted for batch 25
predictions stored for batch 25
features evaluated
models evaluated
predicted for batch 26
predictions stored for batch 26
features evaluated
models evaluated
predicted for batch 27
predictions stored for batch 27
features evaluated
models evaluated
predicted for batch 28
predictions stored for batch 28
features evaluated
models evaluated
predicted for batch 29
predictions stored for batch 29
features evaluated
models evaluated
predicted for batch 30
predictions stored for batch 30
features evaluated
models evaluated
predicted for batch 31
predictions stored for batch 31
features evaluated
models evaluated
predicted for batch 32
predictions stored for batch 32
features evaluated
models evaluated
predicted for batch 33
predictions stored for batch 33
features evaluated
models evaluated
predicted for batch 34
predictions stored for batch 34
features evaluated
models evaluated
predicted for batch 35
predictions stored for batch 35
features evaluated
models evaluated
predicted for batch 36
predictions stored for batch 36
features evaluated
models evaluated
predicted for batch 37
predictions stored for batch 37
features evaluated
models evaluated
predicted for batch 38
predictions stored for batch 38
features evaluated
models evaluated
predicted for batch 39
predictions stored for batch 39
features evaluated
models evaluated
predicted for batch 40
predictions stored for batch 40
features evaluated
models evaluated
predicted for batch 41
predictions stored for batch 41
features evaluated
models evaluated
predicted for batch 42
predictions stored for batch 42
features evaluated
models evaluated
predicted for batch 43
predictions stored for batch 43
features evaluated
models evaluated
predicted for batch 44
predictions stored for batch 44
features evaluated
models evaluated
predicted for batch 45
predictions stored for batch 45
features evaluated
models evaluated
predicted for batch 46
predictions stored for batch 46
features evaluated
models evaluated
predicted for batch 47
predictions stored for batch 47
features evaluated
models evaluated
predicted for batch 48
predictions stored for batch 48
features evaluated
models evaluated
predicted for batch 49
predictions stored for batch 49
features evaluated
models evaluated
predicted for batch 50
predictions stored for batch 50
features evaluated
models evaluated
predicted for batch 51
predictions stored for batch 51
features evaluated
models evaluated
predicted for batch 52
predictions stored for batch 52
features evaluated
models evaluated
predicted for batch 53
predictions stored for batch 53
features evaluated
models evaluated
predicted for batch 54
predictions stored for batch 54
features evaluated
models evaluated
predicted for batch 55
predictions stored for batch 55
features evaluated
models evaluated
predicted for batch 56
predictions stored for batch 56
features evaluated
models evaluated
predicted for batch 57
predictions stored for batch 57
features evaluated
models evaluated
predicted for batch 58
predictions stored for batch 58
features evaluated
models evaluated
predicted for batch 59
predictions stored for batch 59
features evaluated
models evaluated
predicted for batch 60
predictions stored for batch 60
features evaluated
models evaluated
predicted for batch 61
predictions stored for batch 61
features evaluated
models evaluated
predicted for batch 62
predictions stored for batch 62
features evaluated
models evaluated
predicted for batch 63
predictions stored for batch 63
features evaluated
models evaluated
predicted for batch 64
predictions stored for batch 64
features evaluated
models evaluated
predicted for batch 65
predictions stored for batch 65
features evaluated
models evaluated
predicted for batch 66
predictions stored for batch 66
features evaluated
models evaluated
predicted for batch 67
predictions stored for batch 67
features evaluated
models evaluated
predicted for batch 68
predictions stored for batch 68
features evaluated
models evaluated
predicted for batch 69
predictions stored for batch 69
features evaluated
models evaluated
predicted for batch 70
predictions stored for batch 70
features evaluated
models evaluated
predicted for batch 71
predictions stored for batch 71
features evaluated
models evaluated
predicted for batch 72
predictions stored for batch 72
features evaluated
models evaluated
predicted for batch 73
predictions stored for batch 73
features evaluated
models evaluated
predicted for batch 74
predictions stored for batch 74
features evaluated
models evaluated
predicted for batch 75
predictions stored for batch 75
features evaluated
models evaluated
predicted for batch 76
predictions stored for batch 76
features evaluated
models evaluated
predicted for batch 77
predictions stored for batch 77
features evaluated
models evaluated
predicted for batch 78
predictions stored for batch 78
features evaluated
models evaluated
predicted for batch 79
predictions stored for batch 79
features evaluated
models evaluated
predicted for batch 80
predictions stored for batch 80
features evaluated
models evaluated
predicted for batch 81
predictions stored for batch 81
features evaluated
models evaluated
predicted for batch 82
predictions stored for batch 82
features evaluated
models evaluated
predicted for batch 83
predictions stored for batch 83
features evaluated
models evaluated
predicted for batch 84
predictions stored for batch 84
features evaluated
models evaluated
predicted for batch 85
predictions stored for batch 85
features evaluated
models evaluated
predicted for batch 86
predictions stored for batch 86
features evaluated
models evaluated
predicted for batch 87
predictions stored for batch 87
features evaluated
models evaluated
predicted for batch 88
predictions stored for batch 88
features evaluated
models evaluated
predicted for batch 89
predictions stored for batch 89
features evaluated
models evaluated
predicted for batch 90
predictions stored for batch 90
features evaluated
models evaluated
predicted for batch 91
predictions stored for batch 91
features evaluated
models evaluated
predicted for batch 92
predictions stored for batch 92
features evaluated
models evaluated
predicted for batch 93
predictions stored for batch 93
features evaluated
models evaluated
predicted for batch 94
predictions stored for batch 94
features evaluated
models evaluated
predicted for batch 95
predictions stored for batch 95
features evaluated
models evaluated
predicted for batch 96
predictions stored for batch 96
features evaluated
models evaluated
predicted for batch 97
predictions stored for batch 97
features evaluated
models evaluated
predicted for batch 98
predictions stored for batch 98
features evaluated
models evaluated
predicted for batch 99
predictions stored for batch 99
features evaluated
models evaluated
predicted for batch 100
predictions stored for batch 100
features evaluated
models evaluated
predicted for batch 101
predictions stored for batch 101
features evaluated
models evaluated
predicted for batch 102
predictions stored for batch 102
features evaluated
models evaluated
predicted for batch 103
predictions stored for batch 103
features evaluated
models evaluated
predicted for batch 104
predictions stored for batch 104
features evaluated
models evaluated
predicted for batch 105
predictions stored for batch 105
features evaluated
models evaluated
predicted for batch 106
predictions stored for batch 106
features evaluated
models evaluated
predicted for batch 107
predictions stored for batch 107
features evaluated
models evaluated
predicted for batch 108
predictions stored for batch 108
features evaluated
models evaluated
predicted for batch 109
predictions stored for batch 109
features evaluated
models evaluated
predicted for batch 110
predictions stored for batch 110
features evaluated
models evaluated
predicted for batch 111
predictions stored for batch 111
features evaluated
models evaluated
predicted for batch 112
predictions stored for batch 112
features evaluated
models evaluated
predicted for batch 113
predictions stored for batch 113
features evaluated
models evaluated
predicted for batch 114
predictions stored for batch 114
features evaluated
models evaluated
predicted for batch 115
predictions stored for batch 115
features evaluated
models evaluated
predicted for batch 116
predictions stored for batch 116
features evaluated
models evaluated
predicted for batch 117
predictions stored for batch 117
features evaluated
models evaluated
predicted for batch 118
predictions stored for batch 118
features evaluated
models evaluated
predicted for batch 119
predictions stored for batch 119
features evaluated
models evaluated
predicted for batch 120
predictions stored for batch 120
features evaluated
models evaluated
predicted for batch 121
predictions stored for batch 121
features evaluated
models evaluated
predicted for batch 122
predictions stored for batch 122
features evaluated
models evaluated
predicted for batch 123
predictions stored for batch 123
features evaluated
models evaluated
predicted for batch 124
predictions stored for batch 124
features evaluated
models evaluated
predicted for batch 125
predictions stored for batch 125
features evaluated
models evaluated
predicted for batch 126
predictions stored for batch 126
features evaluated
models evaluated
predicted for batch 127
predictions stored for batch 127
features evaluated
models evaluated
predicted for batch 128
predictions stored for batch 128
features evaluated
models evaluated
predicted for batch 129
predictions stored for batch 129
features evaluated
models evaluated
predicted for batch 130
predictions stored for batch 130
features evaluated
models evaluated
predicted for batch 131
predictions stored for batch 131
features evaluated
models evaluated
predicted for batch 132
predictions stored for batch 132
features evaluated
models evaluated
predicted for batch 133
predictions stored for batch 133
features evaluated
models evaluated
predicted for batch 134
predictions stored for batch 134
features evaluated
models evaluated
predicted for batch 135
predictions stored for batch 135
features evaluated
models evaluated
predicted for batch 136
predictions stored for batch 136
features evaluated
models evaluated
predicted for batch 137
predictions stored for batch 137
features evaluated
models evaluated
predicted for batch 138
predictions stored for batch 138
features evaluated
models evaluated
predicted for batch 139
predictions stored for batch 139
features evaluated
models evaluated
predicted for batch 140
predictions stored for batch 140
features evaluated
models evaluated
predicted for batch 141
predictions stored for batch 141
features evaluated
models evaluated
predicted for batch 142
predictions stored for batch 142
features evaluated
models evaluated
predicted for batch 143
predictions stored for batch 143
features evaluated
models evaluated
predicted for batch 144
predictions stored for batch 144
features evaluated
models evaluated
predicted for batch 145
predictions stored for batch 145
features evaluated
models evaluated
predicted for batch 146
predictions stored for batch 146
features evaluated
models evaluated
predicted for batch 147
predictions stored for batch 147
features evaluated
models evaluated
predicted for batch 148
predictions stored for batch 148
features evaluated
models evaluated
predicted for batch 149
predictions stored for batch 149
features evaluated
models evaluated
predicted for batch 150
predictions stored for batch 150
features evaluated
models evaluated
predicted for batch 151
predictions stored for batch 151
features evaluated
models evaluated
predicted for batch 152
predictions stored for batch 152
features evaluated
models evaluated
predicted for batch 153
predictions stored for batch 153
features evaluated
models evaluated
predicted for batch 154
predictions stored for batch 154
features evaluated
models evaluated
predicted for batch 155
predictions stored for batch 155
features evaluated
models evaluated
predicted for batch 156
predictions stored for batch 156
features evaluated
models evaluated
predicted for batch 157
predictions stored for batch 157
features evaluated
models evaluated
predicted for batch 158
predictions stored for batch 158
features evaluated
models evaluated
predicted for batch 159
predictions stored for batch 159
features evaluated
models evaluated
predicted for batch 160
predictions stored for batch 160
features evaluated
models evaluated
predicted for batch 161
predictions stored for batch 161
features evaluated
models evaluated
predicted for batch 162
predictions stored for batch 162
features evaluated
models evaluated
predicted for batch 163
predictions stored for batch 163
features evaluated
models evaluated
predicted for batch 164
predictions stored for batch 164
features evaluated
models evaluated
predicted for batch 165
predictions stored for batch 165
features evaluated
models evaluated
predicted for batch 166
predictions stored for batch 166
features evaluated
models evaluated
predicted for batch 167
predictions stored for batch 167
features evaluated
models evaluated
predicted for batch 168
predictions stored for batch 168
features evaluated
models evaluated
predicted for batch 169
predictions stored for batch 169
features evaluated
models evaluated
predicted for batch 170
predictions stored for batch 170
features evaluated
models evaluated
predicted for batch 171
predictions stored for batch 171
features evaluated
models evaluated
predicted for batch 172
predictions stored for batch 172
features evaluated
models evaluated
predicted for batch 173
predictions stored for batch 173
features evaluated
models evaluated
predicted for batch 174
predictions stored for batch 174
features evaluated
models evaluated
predicted for batch 175
predictions stored for batch 175
features evaluated
models evaluated
predicted for batch 176
predictions stored for batch 176
features evaluated
models evaluated
predicted for batch 177
predictions stored for batch 177
features evaluated
models evaluated
predicted for batch 178
predictions stored for batch 178
features evaluated
models evaluated
predicted for batch 179
predictions stored for batch 179
features evaluated
models evaluated
predicted for batch 180
predictions stored for batch 180
features evaluated
models evaluated
predicted for batch 181
predictions stored for batch 181
features evaluated
models evaluated
predicted for batch 182
predictions stored for batch 182
features evaluated
models evaluated
predicted for batch 183
predictions stored for batch 183
features evaluated
models evaluated
predicted for batch 184
predictions stored for batch 184
features evaluated
models evaluated
predicted for batch 185
predictions stored for batch 185
features evaluated
models evaluated
predicted for batch 186
predictions stored for batch 186
features evaluated
models evaluated
predicted for batch 187
predictions stored for batch 187
features evaluated
models evaluated
predicted for batch 188
predictions stored for batch 188
features evaluated
models evaluated
predicted for batch 189
predictions stored for batch 189
features evaluated
models evaluated
predicted for batch 190
predictions stored for batch 190
features evaluated
models evaluated
predicted for batch 191
predictions stored for batch 191
features evaluated
models evaluated
predicted for batch 192
predictions stored for batch 192
features evaluated
models evaluated
predicted for batch 193
predictions stored for batch 193
features evaluated
models evaluated
predicted for batch 194
predictions stored for batch 194
features evaluated
models evaluated
predicted for batch 195
predictions stored for batch 195
features evaluated
models evaluated
predicted for batch 196
predictions stored for batch 196
features evaluated
models evaluated
predicted for batch 197
predictions stored for batch 197
features evaluated
models evaluated
predicted for batch 198
predictions stored for batch 198
features evaluated
models evaluated
predicted for batch 199
predictions stored for batch 199
features evaluated
models evaluated
predicted for batch 200
predictions stored for batch 200
features evaluated
models evaluated
predicted for batch 201
predictions stored for batch 201
features evaluated
models evaluated
predicted for batch 202
predictions stored for batch 202
features evaluated
models evaluated
predicted for batch 203
predictions stored for batch 203
features evaluated
models evaluated
predicted for batch 204
predictions stored for batch 204
features evaluated
models evaluated
predicted for batch 205
predictions stored for batch 205
features evaluated
models evaluated
predicted for batch 206
predictions stored for batch 206
features evaluated
models evaluated
predicted for batch 207
predictions stored for batch 207
features evaluated
models evaluated
predicted for batch 208
predictions stored for batch 208
features evaluated
models evaluated
predicted for batch 209
predictions stored for batch 209
features evaluated
models evaluated
predicted for batch 210
predictions stored for batch 210
features evaluated
models evaluated
predicted for batch 211
predictions stored for batch 211
features evaluated
models evaluated
predicted for batch 212
predictions stored for batch 212
features evaluated
models evaluated
predicted for batch 213
predictions stored for batch 213
features evaluated
models evaluated
predicted for batch 214
predictions stored for batch 214
features evaluated
models evaluated
predicted for batch 215
predictions stored for batch 215
features evaluated
models evaluated
predicted for batch 216
predictions stored for batch 216
features evaluated
models evaluated
predicted for batch 217
predictions stored for batch 217
features evaluated
models evaluated
predicted for batch 218
predictions stored for batch 218
features evaluated
models evaluated
predicted for batch 219
predictions stored for batch 219
features evaluated
models evaluated
predicted for batch 220
predictions stored for batch 220
features evaluated
models evaluated
predicted for batch 221
predictions stored for batch 221
features evaluated
models evaluated
predicted for batch 222
predictions stored for batch 222
features evaluated
models evaluated
predicted for batch 223
predictions stored for batch 223
features evaluated
models evaluated
predicted for batch 224
predictions stored for batch 224
features evaluated
models evaluated
predicted for batch 225
predictions stored for batch 225
features evaluated
models evaluated
predicted for batch 226
predictions stored for batch 226
features evaluated
models evaluated
predicted for batch 227
predictions stored for batch 227
features evaluated
models evaluated
predicted for batch 228
predictions stored for batch 228
features evaluated
models evaluated
predicted for batch 229
predictions stored for batch 229
features evaluated
models evaluated
predicted for batch 230
predictions stored for batch 230
features evaluated
models evaluated
predicted for batch 231
predictions stored for batch 231
features evaluated
models evaluated
predicted for batch 232
predictions stored for batch 232
features evaluated
models evaluated
predicted for batch 233
predictions stored for batch 233
features evaluated
models evaluated
predicted for batch 234
predictions stored for batch 234
features evaluated
models evaluated
predicted for batch 235
predictions stored for batch 235
features evaluated
models evaluated
predicted for batch 236
predictions stored for batch 236
features evaluated
models evaluated
predicted for batch 237
predictions stored for batch 237
features evaluated
models evaluated
predicted for batch 238
predictions stored for batch 238
features evaluated
models evaluated
predicted for batch 239
predictions stored for batch 239
features evaluated
models evaluated
predicted for batch 240
predictions stored for batch 240
features evaluated
models evaluated
predicted for batch 241
predictions stored for batch 241
features evaluated
models evaluated
predicted for batch 242
predictions stored for batch 242
features evaluated
models evaluated
predicted for batch 243
predictions stored for batch 243
features evaluated
models evaluated
predicted for batch 244
predictions stored for batch 244
features evaluated
models evaluated
predicted for batch 245
predictions stored for batch 245
features evaluated
models evaluated
predicted for batch 246
predictions stored for batch 246
features evaluated
models evaluated
predicted for batch 247
predictions stored for batch 247
features evaluated
models evaluated
predicted for batch 248
predictions stored for batch 248
features evaluated
models evaluated
predicted for batch 249
predictions stored for batch 249
features evaluated
models evaluated
predicted for batch 250
predictions stored for batch 250
features evaluated
models evaluated
predicted for batch 251
predictions stored for batch 251
features evaluated
models evaluated
predicted for batch 252
predictions stored for batch 252
features evaluated
models evaluated
predicted for batch 253
predictions stored for batch 253
features evaluated
models evaluated
predicted for batch 254
predictions stored for batch 254
features evaluated
models evaluated
predicted for batch 255
predictions stored for batch 255
features evaluated
models evaluated
predicted for batch 256
predictions stored for batch 256
features evaluated
models evaluated
predicted for batch 257
predictions stored for batch 257
features evaluated
models evaluated
predicted for batch 258
predictions stored for batch 258
features evaluated
models evaluated
predicted for batch 259
predictions stored for batch 259
features evaluated
models evaluated
predicted for batch 260
predictions stored for batch 260
features evaluated
models evaluated
predicted for batch 261
predictions stored for batch 261
features evaluated
models evaluated
predicted for batch 262
predictions stored for batch 262
features evaluated
models evaluated
predicted for batch 263
predictions stored for batch 263
features evaluated
models evaluated
predicted for batch 264
predictions stored for batch 264
features evaluated
models evaluated
predicted for batch 265
predictions stored for batch 265
features evaluated
models evaluated
predicted for batch 266
predictions stored for batch 266
features evaluated
models evaluated
predicted for batch 267
predictions stored for batch 267
features evaluated
models evaluated
predicted for batch 268
predictions stored for batch 268
features evaluated
models evaluated
predicted for batch 269
predictions stored for batch 269
features evaluated
models evaluated
predicted for batch 270
predictions stored for batch 270
features evaluated
models evaluated
predicted for batch 271
predictions stored for batch 271
features evaluated
models evaluated
predicted for batch 272
predictions stored for batch 272
features evaluated
models evaluated
predicted for batch 273
predictions stored for batch 273
features evaluated
models evaluated
predicted for batch 274
predictions stored for batch 274
features evaluated
models evaluated
predicted for batch 275
predictions stored for batch 275
features evaluated
models evaluated
predicted for batch 276
predictions stored for batch 276
features evaluated
models evaluated
predicted for batch 277
predictions stored for batch 277
features evaluated
models evaluated
predicted for batch 278
predictions stored for batch 278
features evaluated
models evaluated
predicted for batch 279
predictions stored for batch 279
features evaluated
models evaluated
predicted for batch 280
predictions stored for batch 280
features evaluated
models evaluated
predicted for batch 281
predictions stored for batch 281
features evaluated
models evaluated
predicted for batch 282
predictions stored for batch 282
features evaluated
models evaluated
predicted for batch 283
predictions stored for batch 283
features evaluated
models evaluated
predicted for batch 284
predictions stored for batch 284
features evaluated
models evaluated
predicted for batch 285
predictions stored for batch 285
features evaluated
models evaluated
predicted for batch 286
predictions stored for batch 286
features evaluated
models evaluated
predicted for batch 287
predictions stored for batch 287
features evaluated
models evaluated
predicted for batch 288
predictions stored for batch 288
features evaluated
models evaluated
predicted for batch 289
predictions stored for batch 289
features evaluated
models evaluated
predicted for batch 290
predictions stored for batch 290
features evaluated
models evaluated
predicted for batch 291
predictions stored for batch 291
features evaluated
models evaluated
predicted for batch 292
predictions stored for batch 292
features evaluated
models evaluated
predicted for batch 293
predictions stored for batch 293
features evaluated
models evaluated
predicted for batch 294
predictions stored for batch 294
features evaluated
models evaluated
predicted for batch 295
predictions stored for batch 295
features evaluated
models evaluated
predicted for batch 296
predictions stored for batch 296
features evaluated
models evaluated
predicted for batch 297
predictions stored for batch 297
features evaluated
models evaluated
predicted for batch 298
predictions stored for batch 298
features evaluated
models evaluated
predicted for batch 299
predictions stored for batch 299
features evaluated
models evaluated
predicted for batch 300
predictions stored for batch 300
features evaluated
models evaluated
predicted for batch 301
predictions stored for batch 301
features evaluated
models evaluated
predicted for batch 302
predictions stored for batch 302
features evaluated
models evaluated
predicted for batch 303
predictions stored for batch 303
features evaluated
models evaluated
predicted for batch 304
predictions stored for batch 304
features evaluated
models evaluated
predicted for batch 305
predictions stored for batch 305
features evaluated
models evaluated
predicted for batch 306
predictions stored for batch 306
features evaluated
models evaluated
predicted for batch 307
predictions stored for batch 307
features evaluated
models evaluated
predicted for batch 308
predictions stored for batch 308
features evaluated
models evaluated
predicted for batch 309
predictions stored for batch 309
features evaluated
models evaluated
predicted for batch 310
predictions stored for batch 310
features evaluated
models evaluated
predicted for batch 311
predictions stored for batch 311
features evaluated
models evaluated
predicted for batch 312
predictions stored for batch 312
features evaluated
models evaluated
predicted for batch 313
predictions stored for batch 313
features evaluated
models evaluated
predicted for batch 314
predictions stored for batch 314
features evaluated
models evaluated
predicted for batch 315
predictions stored for batch 315
features evaluated
models evaluated
predicted for batch 316
predictions stored for batch 316
features evaluated
models evaluated
predicted for batch 317
predictions stored for batch 317
features evaluated
models evaluated
predicted for batch 318
predictions stored for batch 318
features evaluated
models evaluated
predicted for batch 319
predictions stored for batch 319
features evaluated
models evaluated
predicted for batch 320
predictions stored for batch 320
features evaluated
models evaluated
predicted for batch 321
predictions stored for batch 321
features evaluated
models evaluated
predicted for batch 322
predictions stored for batch 322
features evaluated
models evaluated
predicted for batch 323
predictions stored for batch 323
features evaluated
models evaluated
predicted for batch 324
predictions stored for batch 324
features evaluated
models evaluated
predicted for batch 325
predictions stored for batch 325
features evaluated
models evaluated
predicted for batch 326
predictions stored for batch 326
features evaluated
models evaluated
predicted for batch 327
predictions stored for batch 327
features evaluated
models evaluated
predicted for batch 328
predictions stored for batch 328
features evaluated
models evaluated
predicted for batch 329
predictions stored for batch 329
features evaluated
models evaluated
predicted for batch 330
predictions stored for batch 330
features evaluated
models evaluated
predicted for batch 331
predictions stored for batch 331
features evaluated
models evaluated
predicted for batch 332
predictions stored for batch 332
features evaluated
models evaluated
predicted for batch 333
predictions stored for batch 333
features evaluated
models evaluated
predicted for batch 334
predictions stored for batch 334
features evaluated
models evaluated
predicted for batch 335
predictions stored for batch 335
features evaluated
models evaluated
predicted for batch 336
predictions stored for batch 336
features evaluated
models evaluated
predicted for batch 337
predictions stored for batch 337
features evaluated
models evaluated
predicted for batch 338
predictions stored for batch 338
features evaluated
models evaluated
predicted for batch 339
predictions stored for batch 339
features evaluated
models evaluated
predicted for batch 340
predictions stored for batch 340
features evaluated
models evaluated
predicted for batch 341
predictions stored for batch 341
features evaluated
models evaluated
predicted for batch 342
predictions stored for batch 342
features evaluated
models evaluated
predicted for batch 343
predictions stored for batch 343
features evaluated
models evaluated
predicted for batch 344
predictions stored for batch 344
features evaluated
models evaluated
predicted for batch 345
predictions stored for batch 345
features evaluated
models evaluated
predicted for batch 346
predictions stored for batch 346
features evaluated
models evaluated
predicted for batch 347
predictions stored for batch 347
features evaluated
models evaluated
predicted for batch 348
predictions stored for batch 348
features evaluated
models evaluated
predicted for batch 349
predictions stored for batch 349
features evaluated
models evaluated
predicted for batch 350
predictions stored for batch 350
features evaluated
models evaluated
predicted for batch 351
predictions stored for batch 351
features evaluated
models evaluated
predicted for batch 352
predictions stored for batch 352
features evaluated
models evaluated
predicted for batch 353
predictions stored for batch 353
features evaluated
models evaluated
predicted for batch 354
predictions stored for batch 354
features evaluated
models evaluated
predicted for batch 355
predictions stored for batch 355
features evaluated
models evaluated
predicted for batch 356
predictions stored for batch 356
features evaluated
models evaluated
predicted for batch 357
predictions stored for batch 357
features evaluated
models evaluated
predicted for batch 358
predictions stored for batch 358
features evaluated
models evaluated
predicted for batch 359
predictions stored for batch 359
features evaluated
models evaluated
predicted for batch 360
predictions stored for batch 360
features evaluated
models evaluated
predicted for batch 361
predictions stored for batch 361
features evaluated
models evaluated
predicted for batch 362
predictions stored for batch 362
features evaluated
models evaluated
predicted for batch 363
predictions stored for batch 363
features evaluated
models evaluated
predicted for batch 364
predictions stored for batch 364
features evaluated
models evaluated
predicted for batch 365
predictions stored for batch 365
features evaluated
models evaluated
predicted for batch 366
predictions stored for batch 366
features evaluated
models evaluated
predicted for batch 367
predictions stored for batch 367
features evaluated
models evaluated
predicted for batch 368
predictions stored for batch 368
features evaluated
models evaluated
predicted for batch 369
predictions stored for batch 369
features evaluated
models evaluated
predicted for batch 370
predictions stored for batch 370
features evaluated
models evaluated
predicted for batch 371
predictions stored for batch 371
features evaluated
models evaluated
predicted for batch 372
predictions stored for batch 372
features evaluated
models evaluated
predicted for batch 373
predictions stored for batch 373
features evaluated
models evaluated
predicted for batch 374
predictions stored for batch 374
features evaluated
models evaluated
predicted for batch 375
predictions stored for batch 375
features evaluated
models evaluated
predicted for batch 376
predictions stored for batch 376
features evaluated
models evaluated
predicted for batch 377
predictions stored for batch 377
features evaluated
models evaluated
predicted for batch 378
predictions stored for batch 378
features evaluated
models evaluated
predicted for batch 379
predictions stored for batch 379
features evaluated
models evaluated
predicted for batch 380
predictions stored for batch 380
features evaluated
models evaluated
predicted for batch 381
predictions stored for batch 381
features evaluated
models evaluated
predicted for batch 382
predictions stored for batch 382
features evaluated
models evaluated
predicted for batch 383
predictions stored for batch 383
features evaluated
models evaluated
predicted for batch 384
predictions stored for batch 384
features evaluated
models evaluated
predicted for batch 385
predictions stored for batch 385
features evaluated
models evaluated
predicted for batch 386
predictions stored for batch 386
features evaluated
models evaluated
predicted for batch 387
predictions stored for batch 387
features evaluated
models evaluated
predicted for batch 388
predictions stored for batch 388
features evaluated
models evaluated
predicted for batch 389
predictions stored for batch 389
features evaluated
models evaluated
predicted for batch 390
predictions stored for batch 390
features evaluated
models evaluated
predicted for batch 391
predictions stored for batch 391
features evaluated
models evaluated
predicted for batch 392
predictions stored for batch 392
features evaluated
models evaluated
predicted for batch 393
predictions stored for batch 393
features evaluated
models evaluated
predicted for batch 394
predictions stored for batch 394
features evaluated
models evaluated
predicted for batch 395
predictions stored for batch 395
features evaluated
models evaluated
predicted for batch 396
predictions stored for batch 396
features evaluated
models evaluated
predicted for batch 397
predictions stored for batch 397
features evaluated
models evaluated
predicted for batch 398
predictions stored for batch 398
features evaluated
models evaluated
predicted for batch 399
predictions stored for batch 399
features evaluated
models evaluated
predicted for batch 400
predictions stored for batch 400
features evaluated
models evaluated
predicted for batch 401
predictions stored for batch 401
features evaluated
models evaluated
predicted for batch 402
predictions stored for batch 402
features evaluated
models evaluated
predicted for batch 403
predictions stored for batch 403
features evaluated
models evaluated
predicted for batch 404
predictions stored for batch 404
features evaluated
models evaluated
predicted for batch 405
predictions stored for batch 405
features evaluated
models evaluated
predicted for batch 406
predictions stored for batch 406
features evaluated
models evaluated
predicted for batch 407
predictions stored for batch 407
features evaluated
models evaluated
predicted for batch 408
predictions stored for batch 408
features evaluated
models evaluated
predicted for batch 409
predictions stored for batch 409
features evaluated
models evaluated
predicted for batch 410
predictions stored for batch 410
features evaluated
models evaluated
predicted for batch 411
predictions stored for batch 411
features evaluated
models evaluated
predicted for batch 412
predictions stored for batch 412
features evaluated
models evaluated
predicted for batch 413
predictions stored for batch 413
features evaluated
models evaluated
predicted for batch 414
predictions stored for batch 414
features evaluated
models evaluated
predicted for batch 415
predictions stored for batch 415
features evaluated
models evaluated
predicted for batch 416
predictions stored for batch 416
features evaluated
models evaluated
predicted for batch 417
predictions stored for batch 417
features evaluated
models evaluated
predicted for batch 418
predictions stored for batch 418
features evaluated
models evaluated
predicted for batch 419
predictions stored for batch 419
features evaluated
models evaluated
predicted for batch 420
predictions stored for batch 420
features evaluated
models evaluated
predicted for batch 421
predictions stored for batch 421
features evaluated
models evaluated
predicted for batch 422
predictions stored for batch 422
features evaluated
models evaluated
predicted for batch 423
predictions stored for batch 423
features evaluated
models evaluated
predicted for batch 424
predictions stored for batch 424
features evaluated
models evaluated
predicted for batch 425
predictions stored for batch 425
features evaluated
models evaluated
predicted for batch 426
predictions stored for batch 426
features evaluated
models evaluated
predicted for batch 427
predictions stored for batch 427
features evaluated
models evaluated
predicted for batch 428
predictions stored for batch 428
features evaluated
models evaluated
predicted for batch 429
predictions stored for batch 429
features evaluated
models evaluated
predicted for batch 430
predictions stored for batch 430
features evaluated
models evaluated
predicted for batch 431
predictions stored for batch 431
features evaluated
models evaluated
predicted for batch 432
predictions stored for batch 432
features evaluated
models evaluated
predicted for batch 433
predictions stored for batch 433
features evaluated
models evaluated
predicted for batch 434
predictions stored for batch 434
features evaluated
models evaluated
predicted for batch 435
predictions stored for batch 435
features evaluated
models evaluated
predicted for batch 436
predictions stored for batch 436
features evaluated
models evaluated
predicted for batch 437
predictions stored for batch 437
features evaluated
models evaluated
predicted for batch 438
predictions stored for batch 438
features evaluated
models evaluated
predicted for batch 439
predictions stored for batch 439
features evaluated
models evaluated
predicted for batch 440
predictions stored for batch 440
features evaluated
models evaluated
predicted for batch 441
predictions stored for batch 441
features evaluated
models evaluated
predicted for batch 442
predictions stored for batch 442
features evaluated
models evaluated
predicted for batch 443
predictions stored for batch 443
features evaluated
models evaluated
predicted for batch 444
predictions stored for batch 444
features evaluated
models evaluated
predicted for batch 445
predictions stored for batch 445
features evaluated
models evaluated
predicted for batch 446
predictions stored for batch 446
features evaluated
models evaluated
predicted for batch 447
predictions stored for batch 447
features evaluated
models evaluated
predicted for batch 448
predictions stored for batch 448
features evaluated
models evaluated
predicted for batch 449
predictions stored for batch 449
features evaluated
models evaluated
predicted for batch 450
predictions stored for batch 450
features evaluated
models evaluated
predicted for batch 451
predictions stored for batch 451
features evaluated
models evaluated
predicted for batch 452
predictions stored for batch 452
features evaluated
models evaluated
predicted for batch 453
predictions stored for batch 453
features evaluated
models evaluated
predicted for batch 454
predictions stored for batch 454
features evaluated
models evaluated
predicted for batch 455
predictions stored for batch 455
features evaluated
models evaluated
predicted for batch 456
predictions stored for batch 456
Frames to read: 9501
Atoms per frame: 48
Current frame: 100
Current frame: 200
Current frame: 300
Current frame: 400
Current frame: 500
Current frame: 600
Current frame: 700
Current frame: 800
Current frame: 900
Current frame: 1000
Current frame: 1100
Current frame: 1200
Current frame: 1300
Current frame: 1400
Current frame: 1500
Current frame: 1600
Current frame: 1700
Current frame: 1800
Current frame: 1900
Current frame: 2000
Current frame: 2100
Current frame: 2200
Current frame: 2300
Current frame: 2400
Current frame: 2500
Current frame: 2600
Current frame: 2700
Current frame: 2800
Current frame: 2900
Current frame: 3000
Current frame: 3100
Current frame: 3200
Current frame: 3300
Current frame: 3400
Current frame: 3500
Current frame: 3600
Current frame: 3700
Current frame: 3800
Current frame: 3900
Current frame: 4000
Current frame: 4100
Current frame: 4200
Current frame: 4300
Current frame: 4400
Current frame: 4500
Current frame: 4600
Current frame: 4700
Current frame: 4800
Current frame: 4900
Current frame: 5000
Current frame: 5100
Current frame: 5200
Current frame: 5300
Current frame: 5400
Current frame: 5500
Current frame: 5600
Current frame: 5700
Current frame: 5800
Current frame: 5900
Current frame: 6000
Current frame: 6100
Current frame: 6200
Current frame: 6300
Current frame: 6400
Current frame: 6500
Current frame: 6600
Current frame: 6700
Current frame: 6800
Current frame: 6900
Current frame: 7000
Current frame: 7100
Current frame: 7200
Current frame: 7300
Current frame: 7400
Current frame: 7500
Current frame: 7600
Current frame: 7700
Current frame: 7800
Current frame: 7900
Current frame: 8000
Current frame: 8100
Current frame: 8200
Current frame: 8300
Current frame: 8400
Current frame: 8500
Current frame: 8600
Current frame: 8700
Current frame: 8800
Current frame: 8900
Current frame: 9000
Current frame: 9100
Current frame: 9200
Current frame: 9300
Current frame: 9400
Current frame: 9500
Shieldings and errors saved as: shieldings.csv
